"../../Plugins/2D/Paper2D/Content/DefaultSpriteMaterial.uasset" 0
"../../Plugins/2D/Paper2D/Content/OpaqueUnlitSpriteMaterial.uasset" 1
"../../../../../Unreal_Projects/StreetOfRage/Content/2DSideScroller/Sprites/Background_Sprite.uasset" 2
"../../../../../Unreal_Projects/StreetOfRage/Content/2dSideScroller/Textures/2DBackgroundBlockAtlas.uasset" 3
"../../../../../Unreal_Projects/StreetOfRage/Content/2DSideScroller/Sprites/Ledge.uasset" 4
"../../../../../Unreal_Projects/StreetOfRage/Content/2dSideScroller/Textures/2DBackgroundTile.uasset" 5
"../../../../../Unreal_Projects/StreetOfRage/Content/2DSideScroller/Materials/PrototypingSpriteMaterial.uasset" 6
"../../../../../Unreal_Projects/StreetOfRage/Content/2DSideScroller/Sprites/PrototypingSprite.uasset" 7
"../../../../../Unreal_Projects/StreetOfRage/Content/2DSideScroller/Textures/2DBackground.uasset" 8
"../../../Engine/Content/EditorBlueprintResources/StandardMacros.uasset" 9
"../../../../../Unreal_Projects/StreetOfRage/Content/2dSideScroller/Textures/2DCharacter_IdleAnimAtlas.uasset" 10
"../../../../../Unreal_Projects/StreetOfRage/Content/2dSideScroller/Sprites/IdleFrames/IdleCycle1.uasset" 11
"../../../../../Unreal_Projects/StreetOfRage/Content/2dSideScroller/Sprites/IdleFrames/IdleCycle2.uasset" 12
"../../../../../Unreal_Projects/StreetOfRage/Content/2dSideScroller/Sprites/IdleFrames/IdleCycle3.uasset" 13
"../../../../../Unreal_Projects/StreetOfRage/Content/2dSideScroller/Sprites/IdleFrames/IdleCycle4.uasset" 14
"../../../../../Unreal_Projects/StreetOfRage/Content/2dSideScroller/Sprites/IdleFrames/IdleCycle5.uasset" 15
"../../../../../Unreal_Projects/StreetOfRage/Content/2dSideScroller/Sprites/IdleFrames/IdleCycle6.uasset" 16
"../../../../../Unreal_Projects/StreetOfRage/Content/2dSideScroller/Sprites/IdleFrames/IdleCycle7.uasset" 17
"../../../../../Unreal_Projects/StreetOfRage/Content/2dSideScroller/Sprites/IdleFrames/IdleCycle8.uasset" 18
"../../../../../Unreal_Projects/StreetOfRage/Content/2DSideScroller/Sprites/IdleAnimation.uasset" 19
"../../../../../Unreal_Projects/StreetOfRage/Content/2dSideScroller/Textures/2DCharacter_RunAnimAtlas.uasset" 20
"../../../../../Unreal_Projects/StreetOfRage/Content/2dSideScroller/Sprites/RunFrames/RunCycle_1.uasset" 21
"../../../../../Unreal_Projects/StreetOfRage/Content/2dSideScroller/Sprites/RunFrames/RunCycle_10.uasset" 22
"../../../../../Unreal_Projects/StreetOfRage/Content/2dSideScroller/Sprites/RunFrames/RunCycle_11.uasset" 23
"../../../../../Unreal_Projects/StreetOfRage/Content/2dSideScroller/Sprites/RunFrames/RunCycle_12.uasset" 24
"../../../../../Unreal_Projects/StreetOfRage/Content/2dSideScroller/Sprites/RunFrames/RunCycle_13.uasset" 25
"../../../../../Unreal_Projects/StreetOfRage/Content/2dSideScroller/Sprites/RunFrames/RunCycle_14.uasset" 26
"../../../../../Unreal_Projects/StreetOfRage/Content/2dSideScroller/Sprites/RunFrames/RunCycle_15.uasset" 27
"../../../../../Unreal_Projects/StreetOfRage/Content/2dSideScroller/Sprites/RunFrames/RunCycle_16.uasset" 28
"../../../../../Unreal_Projects/StreetOfRage/Content/2dSideScroller/Sprites/RunFrames/RunCycle_2.uasset" 29
"../../../../../Unreal_Projects/StreetOfRage/Content/2dSideScroller/Sprites/RunFrames/RunCycle_3.uasset" 30
"../../../../../Unreal_Projects/StreetOfRage/Content/2dSideScroller/Sprites/RunFrames/RunCycle_4.uasset" 31
"../../../../../Unreal_Projects/StreetOfRage/Content/2dSideScroller/Sprites/RunFrames/RunCycle_5.uasset" 32
"../../../../../Unreal_Projects/StreetOfRage/Content/2dSideScroller/Sprites/RunFrames/RunCycle_6.uasset" 33
"../../../../../Unreal_Projects/StreetOfRage/Content/2dSideScroller/Sprites/RunFrames/RunCycle_7.uasset" 34
"../../../../../Unreal_Projects/StreetOfRage/Content/2dSideScroller/Sprites/RunFrames/RunCycle_8.uasset" 35
"../../../../../Unreal_Projects/StreetOfRage/Content/2dSideScroller/Sprites/RunFrames/RunCycle_9.uasset" 36
"../../../../../Unreal_Projects/StreetOfRage/Content/2DSideScroller/Sprites/RunningAnimation.uasset" 37
"../../../../../Unreal_Projects/StreetOfRage/Content/2DSideScrollerBP/Blueprints/2DSideScrollerCharacter.uasset" 38
"../../../../../Unreal_Projects/StreetOfRage/Content/MySideScroller/Sounds/BossTheme.uasset" 39
"../../../../../Unreal_Projects/StreetOfRage/Content/MySideScroller/Sounds/BossTheme_Cue.uasset" 40
"../../../../../Unreal_Projects/StreetOfRage/Content/MySideScroller/Sounds/sound.uasset" 41
"../../../../../Unreal_Projects/StreetOfRage/Content/MySideScroller/Sounds/Level00Sound_Cue.uasset" 42
"../../../../../Unreal_Projects/StreetOfRage/Content/MySideScroller/Blueprint/BP_Level00Music.uasset" 43
"../../Plugins/2D/Paper2D/Content/TranslucentUnlitSpriteMaterial.uasset" 44
"../../../../../Unreal_Projects/StreetOfRage/Content/MySideScroller/Sprites/Items/knife.uasset" 45
"../../../../../Unreal_Projects/StreetOfRage/Content/MySideScroller/Sprites/Items/knife_Sprite_0.uasset" 46
"../../../../../Unreal_Projects/StreetOfRage/Content/MySideScroller/Blueprint/BP_Shot.uasset" 47
"../../../../../Unreal_Projects/StreetOfRage/Content/MySideScroller/Sprites/EnV/fonts/Fighting_Force.uasset" 48
"../../../../../Unreal_Projects/StreetOfRage/Content/MySideScroller/Sprites/EnV/fonts/Fighting_Force_Font.uasset" 49
"../../../../../Unreal_Projects/StreetOfRage/Content/MySideScroller/Sprites/Enemy/Boss/BossImg.uasset" 50
"../../../../../Unreal_Projects/StreetOfRage/Content/MySideScroller/Sprites/Enemy/Boss/BossImg_Sprite_0.uasset" 51
"../../../../../Unreal_Projects/StreetOfRage/Content/UI/Widget_ENEMY_BOSS.uasset" 52
"../../../../../Unreal_Projects/StreetOfRage/Content/MySideScroller/Blueprint/Enemies/AI_Boss_Movingset.uasset" 53
"../../../../../Unreal_Projects/StreetOfRage/Content/MySideScroller/Sounds/BossDead.uasset" 54
"../../../../../Unreal_Projects/StreetOfRage/Content/MySideScroller/Sounds/BossVoise.uasset" 55
"../../../../../Unreal_Projects/StreetOfRage/Content/MySideScroller/Sounds/EnemyGetHit.uasset" 56
"../../../../../Unreal_Projects/StreetOfRage/Content/MySideScroller/Sounds/intheFaceArm.uasset" 57
"../../../../../Unreal_Projects/StreetOfRage/Content/MySideScroller/Sounds/kick.uasset" 58
"../../../../../Unreal_Projects/StreetOfRage/Content/MySideScroller/Sounds/PGVoice.uasset" 59
"../../../../../Unreal_Projects/StreetOfRage/Content/MySideScroller/Sprites/Enemy/Boss/Boss.uasset" 60
"../../../../../Unreal_Projects/StreetOfRage/Content/MySideScroller/Sprites/Enemy/Boss/Boss_Sprite_15.uasset" 61
"../../../../../Unreal_Projects/StreetOfRage/Content/MySideScroller/Sprites/Enemy/Boss/A_BOSS_ARMHIT.uasset" 62
"../../../../../Unreal_Projects/StreetOfRage/Content/MySideScroller/Sprites/Enemy/Boss/Boss_Sprite_10.uasset" 63
"../../../../../Unreal_Projects/StreetOfRage/Content/MySideScroller/Sprites/Enemy/Boss/Boss_Sprite_11.uasset" 64
"../../../../../Unreal_Projects/StreetOfRage/Content/MySideScroller/Sprites/Enemy/Boss/Boss_Sprite_9.uasset" 65
"../../../../../Unreal_Projects/StreetOfRage/Content/MySideScroller/Sprites/Enemy/Boss/A_BOSS_DEAD.uasset" 66
"../../../../../Unreal_Projects/StreetOfRage/Content/MySideScroller/Sprites/Enemy/Boss/Boss_Sprite_8.uasset" 67
"../../../../../Unreal_Projects/StreetOfRage/Content/MySideScroller/Sprites/Enemy/Boss/A_BOSS_GETHIT1.uasset" 68
"../../../../../Unreal_Projects/StreetOfRage/Content/MySideScroller/Sprites/Enemy/Boss/A_BOSS_GETHIT2.uasset" 69
"../../../../../Unreal_Projects/StreetOfRage/Content/MySideScroller/Sprites/Enemy/Boss/Boss_Sprite_18.uasset" 70
"../../../../../Unreal_Projects/StreetOfRage/Content/MySideScroller/Sprites/Enemy/Boss/Boss_Sprite_19.uasset" 71
"../../../../../Unreal_Projects/StreetOfRage/Content/MySideScroller/Sprites/Enemy/Boss/A_BOSS_GETSKNIFE.uasset" 72
"../../../../../Unreal_Projects/StreetOfRage/Content/MySideScroller/Sprites/Enemy/Boss/BossKnifeAttack.uasset" 73
"../../../../../Unreal_Projects/StreetOfRage/Content/MySideScroller/Sprites/Enemy/Boss/BossKnifeAttack_Sprite_0.uasset" 74
"../../../../../Unreal_Projects/StreetOfRage/Content/MySideScroller/Sprites/Enemy/Boss/BossKnifeAttack_Sprite_1.uasset" 75
"../../../../../Unreal_Projects/StreetOfRage/Content/MySideScroller/Sprites/Enemy/Boss/BossKnifeAttack_Sprite_2.uasset" 76
"../../../../../Unreal_Projects/StreetOfRage/Content/MySideScroller/Sprites/Enemy/Boss/A_BOSS_KNIFEATTACK.uasset" 77
"../../../../../Unreal_Projects/StreetOfRage/Content/MySideScroller/Sprites/Enemy/Boss/Boss_Sprite_0.uasset" 78
"../../../../../Unreal_Projects/StreetOfRage/Content/MySideScroller/Sprites/Enemy/Boss/Boss_Sprite_1.uasset" 79
"../../../../../Unreal_Projects/StreetOfRage/Content/MySideScroller/Sprites/Enemy/Boss/Boss_Sprite_2.uasset" 80
"../../../../../Unreal_Projects/StreetOfRage/Content/MySideScroller/Sprites/Enemy/Boss/A_BOSS_STANCE.uasset" 81
"../../../../../Unreal_Projects/StreetOfRage/Content/MySideScroller/Sprites/Enemy/Boss/Boss_Sprite_3.uasset" 82
"../../../../../Unreal_Projects/StreetOfRage/Content/MySideScroller/Sprites/Enemy/Boss/Boss_Sprite_4.uasset" 83
"../../../../../Unreal_Projects/StreetOfRage/Content/MySideScroller/Sprites/Enemy/Boss/Boss_Sprite_5.uasset" 84
"../../../../../Unreal_Projects/StreetOfRage/Content/MySideScroller/Sprites/Enemy/Boss/Boss_Sprite_6.uasset" 85
"../../../../../Unreal_Projects/StreetOfRage/Content/MySideScroller/Sprites/Enemy/Boss/A_BOSS_WALK.uasset" 86
"../../../../../Unreal_Projects/StreetOfRage/Content/MySideScroller/Sprites/Character/AxelIMG.uasset" 87
"../../../../../Unreal_Projects/StreetOfRage/Content/MySideScroller/Sprites/Character/AxelIMG_Sprite_0.uasset" 88
"../../../../../Unreal_Projects/StreetOfRage/Content/UI/Widget_HUD.uasset" 89
"../../../../../Unreal_Projects/StreetOfRage/Content/MySideScroller/Blueprint/Enemies/AI_Boss.uasset" 90
"../../../../../Unreal_Projects/StreetOfRage/Content/MySideScroller/Sprites/Enemy/Boxer/BoxerIMG.uasset" 91
"../../../../../Unreal_Projects/StreetOfRage/Content/MySideScroller/Sprites/Enemy/Boxer/BoxerIMG_Sprite_0.uasset" 92
"../../../../../Unreal_Projects/StreetOfRage/Content/UI/Widget_ENEMY_BOXER.uasset" 93
"../../../../../Unreal_Projects/StreetOfRage/Content/MySideScroller/Blueprint/Enemies/AI_Boxer_MovingSet.uasset" 94
"../../../../../Unreal_Projects/StreetOfRage/Content/MySideScroller/Sounds/BoxerVoice.uasset" 95
"../../../../../Unreal_Projects/StreetOfRage/Content/MySideScroller/Sounds/EnemyDead.uasset" 96
"../../../../../Unreal_Projects/StreetOfRage/Content/MySideScroller/Sprites/Enemy/Boxer/Boxer.uasset" 97
"../../../../../Unreal_Projects/StreetOfRage/Content/MySideScroller/Sprites/Enemy/Boxer/Boxer_Sprite_8.uasset" 98
"../../../../../Unreal_Projects/StreetOfRage/Content/MySideScroller/Sprites/Enemy/Boxer/Boxer_Sprite_9.uasset" 99
"../../../../../Unreal_Projects/StreetOfRage/Content/MySideScroller/Sprites/Enemy/Boxer/A_BOXER_APPER.uasset" 100
"../../../../../Unreal_Projects/StreetOfRage/Content/MySideScroller/Sprites/Enemy/Boxer/Boxer_Sprite_6.uasset" 101
"../../../../../Unreal_Projects/StreetOfRage/Content/MySideScroller/Sprites/Enemy/Boxer/A_BOXER_COMPLETEDEAD.uasset" 102
"../../../../../Unreal_Projects/StreetOfRage/Content/MySideScroller/Sprites/Enemy/Boxer/Boxer_Sprite_4.uasset" 103
"../../../../../Unreal_Projects/StreetOfRage/Content/MySideScroller/Sprites/Enemy/Boxer/Boxer_Sprite_5.uasset" 104
"../../../../../Unreal_Projects/StreetOfRage/Content/MySideScroller/Sprites/Enemy/Boxer/A_BOXER_DEAD.uasset" 105
"../../../../../Unreal_Projects/StreetOfRage/Content/MySideScroller/Sprites/Enemy/Boxer/Boxer_Sprite_10.uasset" 106
"../../../../../Unreal_Projects/StreetOfRage/Content/MySideScroller/Sprites/Enemy/Boxer/Boxer_Sprite_11.uasset" 107
"../../../../../Unreal_Projects/StreetOfRage/Content/MySideScroller/Sprites/Enemy/Boxer/A_BOXER_FIST.uasset" 108
"../../../../../Unreal_Projects/StreetOfRage/Content/MySideScroller/Sprites/Enemy/Boxer/Boxer_Sprite_3.uasset" 109
"../../../../../Unreal_Projects/StreetOfRage/Content/MySideScroller/Sprites/Enemy/Boxer/A_BOXER_GETSHIT.uasset" 110
"../../../../../Unreal_Projects/StreetOfRage/Content/MySideScroller/Sprites/Enemy/Boxer/Boxer_Sprite_1.uasset" 111
"../../../../../Unreal_Projects/StreetOfRage/Content/MySideScroller/Sprites/Enemy/Boxer/A_BOXER_STANCE.uasset" 112
"../../../../../Unreal_Projects/StreetOfRage/Content/MySideScroller/Sprites/Enemy/Boxer/Boxer_Sprite_0.uasset" 113
"../../../../../Unreal_Projects/StreetOfRage/Content/MySideScroller/Sprites/Enemy/Boxer/Boxer_Sprite_2.uasset" 114
"../../../../../Unreal_Projects/StreetOfRage/Content/MySideScroller/Sprites/Enemy/Boxer/A_BOXER_WALK.uasset" 115
"../../../../../Unreal_Projects/StreetOfRage/Content/MySideScroller/Sprites/Enemy/Boxer/Boxer_Sprite_7.uasset" 116
"../../../../../Unreal_Projects/StreetOfRage/Content/MySideScroller/Sprites/Enemy/Boxer/A_BOXERARMHIT.uasset" 117
"../../../../../Unreal_Projects/StreetOfRage/Content/MySideScroller/Sprites/Enemy/Boxer/A_BOXERGETSHIT2.uasset" 118
"../../../../../Unreal_Projects/StreetOfRage/Content/MySideScroller/Blueprint/Enemies/AI_Boxer.uasset" 119
"../../../../../Unreal_Projects/StreetOfRage/Content/MySideScroller/Blueprint/Loot/BoxLootAnimation.uasset" 120
"../../../../../Unreal_Projects/StreetOfRage/Content/MySideScroller/Sounds/breakLoot.uasset" 121
"../../../../../Unreal_Projects/StreetOfRage/Content/MySideScroller/Sprites/EnV/game_items.uasset" 122
"../../../../../Unreal_Projects/StreetOfRage/Content/MySideScroller/Sprites/EnV/game_items_Sprite_1.uasset" 123
"../../../../../Unreal_Projects/StreetOfRage/Content/MySideScroller/Sprites/EnV/A_LOOTBOX.uasset" 124
"../../../../../Unreal_Projects/StreetOfRage/Content/MySideScroller/Sprites/EnV/A_LOOTBOXREMOVE.uasset" 125
"../../../../../Unreal_Projects/StreetOfRage/Content/MySideScroller/Sprites/EnV/game_items_Sprite_0.uasset" 126
"../../../../../Unreal_Projects/StreetOfRage/Content/MySideScroller/Sprites/EnV/A_LOOTBOXSTANCE.uasset" 127
"../../../../../Unreal_Projects/StreetOfRage/Content/MySideScroller/Blueprint/Loot/LOOT.uasset" 128
"../../../../../Unreal_Projects/StreetOfRage/Content/MySideScroller/Sprites/Enemy/JeansGuy/jeansGuyImg.uasset" 129
"../../../../../Unreal_Projects/StreetOfRage/Content/MySideScroller/Sprites/Enemy/JeansGuy/jeansGuyImg_Sprite_0.uasset" 130
"../../../../../Unreal_Projects/StreetOfRage/Content/UI/Widget_ENEMY_BJG.uasset" 131
"../../../../../Unreal_Projects/StreetOfRage/Content/MySideScroller/Blueprint/Enemies/AI_JeansGuy_MovingSet.uasset" 132
"../../../../../Unreal_Projects/StreetOfRage/Content/MySideScroller/Sounds/JGVoice.uasset" 133
"../../../../../Unreal_Projects/StreetOfRage/Content/MySideScroller/Sprites/Enemy/JeansGuy/jeansGuy.uasset" 134
"../../../../../Unreal_Projects/StreetOfRage/Content/MySideScroller/Sprites/Enemy/JeansGuy/jeansGuy_Sprite_0.uasset" 135
"../../../../../Unreal_Projects/StreetOfRage/Content/MySideScroller/Sprites/Enemy/JeansGuy/A_GETHITBACK1.uasset" 136
"../../../../../Unreal_Projects/StreetOfRage/Content/MySideScroller/Sprites/Enemy/JeansGuy/jeansGuy_Sprite_1.uasset" 137
"../../../../../Unreal_Projects/StreetOfRage/Content/MySideScroller/Sprites/Enemy/JeansGuy/A_GETHITBACK2.uasset" 138
"../../../../../Unreal_Projects/StreetOfRage/Content/MySideScroller/Sprites/Enemy/JeansGuy/jeansGuy_Sprite_4.uasset" 139
"../../../../../Unreal_Projects/StreetOfRage/Content/MySideScroller/Sprites/Enemy/JeansGuy/A_JEANSGUYARMHIT.uasset" 140
"../../../../../Unreal_Projects/StreetOfRage/Content/MySideScroller/Sprites/Enemy/JeansGuy/enemies.uasset" 141
"../../../../../Unreal_Projects/StreetOfRage/Content/MySideScroller/Sprites/Enemy/JeansGuy/enemies_Sprite_1.uasset" 142
"../../../../../Unreal_Projects/StreetOfRage/Content/MySideScroller/Sprites/Enemy/JeansGuy/A_JEANSGUYSTANCE.uasset" 143
"../../../../../Unreal_Projects/StreetOfRage/Content/MySideScroller/Sprites/Enemy/JeansGuy/enemies_Sprite_0.uasset" 144
"../../../../../Unreal_Projects/StreetOfRage/Content/MySideScroller/Sprites/Enemy/JeansGuy/enemies_Sprite_2.uasset" 145
"../../../../../Unreal_Projects/StreetOfRage/Content/MySideScroller/Sprites/Enemy/JeansGuy/A_JEANSGUYWALK.uasset" 146
"../../../../../Unreal_Projects/StreetOfRage/Content/MySideScroller/Sprites/Enemy/JeansGuy/jeansGuy_Sprite_3.uasset" 147
"../../../../../Unreal_Projects/StreetOfRage/Content/MySideScroller/Sprites/Enemy/JeansGuy/A_JGCOMPLETEDEAD.uasset" 148
"../../../../../Unreal_Projects/StreetOfRage/Content/MySideScroller/Sprites/Enemy/JeansGuy/jeansGuy_Sprite_2.uasset" 149
"../../../../../Unreal_Projects/StreetOfRage/Content/MySideScroller/Sprites/Enemy/JeansGuy/A_JGDEAD.uasset" 150
"../../../../../Unreal_Projects/StreetOfRage/Content/MySideScroller/Blueprint/Enemies/AI_JeansGuy.uasset" 151
"../../../../../Unreal_Projects/StreetOfRage/Content/MySideScroller/Sprites/Enemy/PunkGuy/PunkGuyImg.uasset" 152
"../../../../../Unreal_Projects/StreetOfRage/Content/MySideScroller/Sprites/Enemy/PunkGuy/PunkGuyImg_Sprite_0.uasset" 153
"../../../../../Unreal_Projects/StreetOfRage/Content/UI/Widget_ENEMY_PUNK.uasset" 154
"../../../../../Unreal_Projects/StreetOfRage/Content/MySideScroller/Blueprint/Enemies/AI_PUNKGUY_MovingSet.uasset" 155
"../../../../../Unreal_Projects/StreetOfRage/Content/MySideScroller/Sounds/PG_ATACK.uasset" 156
"../../../../../Unreal_Projects/StreetOfRage/Content/MySideScroller/Sounds/PunkDead.uasset" 157
"../../../../../Unreal_Projects/StreetOfRage/Content/MySideScroller/Sounds/PunkVoice.uasset" 158
"../../../../../Unreal_Projects/StreetOfRage/Content/MySideScroller/Sprites/Enemy/PunkGuy/PGDead.uasset" 159
"../../../../../Unreal_Projects/StreetOfRage/Content/MySideScroller/Sprites/Enemy/PunkGuy/PGDead_Sprite_3.uasset" 160
"../../../../../Unreal_Projects/StreetOfRage/Content/MySideScroller/Sprites/Enemy/PunkGuy/A_PG_COMPLETEDEAD.uasset" 161
"../../../../../Unreal_Projects/StreetOfRage/Content/MySideScroller/Sprites/Enemy/PunkGuy/PGDead_Sprite_1.uasset" 162
"../../../../../Unreal_Projects/StreetOfRage/Content/MySideScroller/Sprites/Enemy/PunkGuy/PGDead_Sprite_2.uasset" 163
"../../../../../Unreal_Projects/StreetOfRage/Content/MySideScroller/Sprites/Enemy/PunkGuy/A_PG_DEAD.uasset" 164
"../../../../../Unreal_Projects/StreetOfRage/Content/MySideScroller/Sprites/Enemy/PunkGuy/PGDead_Sprite_0.uasset" 165
"../../../../../Unreal_Projects/StreetOfRage/Content/MySideScroller/Sprites/Enemy/PunkGuy/A_PG_GETHIT1.uasset" 166
"../../../../../Unreal_Projects/StreetOfRage/Content/MySideScroller/Sprites/Enemy/PunkGuy/A_PG_GETHIT2.uasset" 167
"../../../../../Unreal_Projects/StreetOfRage/Content/MySideScroller/Sprites/Enemy/PunkGuy/PGHit.uasset" 168
"../../../../../Unreal_Projects/StreetOfRage/Content/MySideScroller/Sprites/Enemy/PunkGuy/PGHit_Sprite_0.uasset" 169
"../../../../../Unreal_Projects/StreetOfRage/Content/MySideScroller/Sprites/Enemy/PunkGuy/A_PG_HIT.uasset" 170
"../../../../../Unreal_Projects/StreetOfRage/Content/MySideScroller/Sprites/Enemy/PunkGuy/enemy_01.uasset" 171
"../../../../../Unreal_Projects/StreetOfRage/Content/MySideScroller/Sprites/Enemy/PunkGuy/enemy_01_Sprite_2.uasset" 172
"../../../../../Unreal_Projects/StreetOfRage/Content/MySideScroller/Sprites/Enemy/PunkGuy/A_PG_STANCE.uasset" 173
"../../../../../Unreal_Projects/StreetOfRage/Content/MySideScroller/Sprites/Enemy/PunkGuy/enemy_01_Sprite_0.uasset" 174
"../../../../../Unreal_Projects/StreetOfRage/Content/MySideScroller/Sprites/Enemy/PunkGuy/enemy_01_Sprite_1.uasset" 175
"../../../../../Unreal_Projects/StreetOfRage/Content/MySideScroller/Sprites/Enemy/PunkGuy/A_PG_WALK.uasset" 176
"../../../../../Unreal_Projects/StreetOfRage/Content/MySideScroller/Blueprint/Enemies/AI_PunkGuy.uasset" 177
"../../../../../Unreal_Projects/StreetOfRage/Content/MySideScroller/Blueprint/Character_States.uasset" 178
"../../../../../Unreal_Projects/StreetOfRage/Content/MySideScroller/Sounds/dead.uasset" 179
"../../../../../Unreal_Projects/StreetOfRage/Content/MySideScroller/Sounds/intheFace.uasset" 180
"../../../../../Unreal_Projects/StreetOfRage/Content/MySideScroller/Sounds/lifeUp.uasset" 181
"../../../../../Unreal_Projects/StreetOfRage/Content/MySideScroller/Sprites/Character/AxelAfterDead.uasset" 182
"../../../../../Unreal_Projects/StreetOfRage/Content/MySideScroller/Sprites/Character/AxelAfterDead_Sprite_0.uasset" 183
"../../../../../Unreal_Projects/StreetOfRage/Content/MySideScroller/Sprites/Character/AxelAfterDead_Sprite_1.uasset" 184
"../../../../../Unreal_Projects/StreetOfRage/Content/MySideScroller/Sprites/Character/AxelAfterDead_Sprite_2.uasset" 185
"../../../../../Unreal_Projects/StreetOfRage/Content/MySideScroller/Sprites/Character/A_AFTERDEAD.uasset" 186
"../../../../../Unreal_Projects/StreetOfRage/Content/MySideScroller/Sprites/Character/Axel_Dead.uasset" 187
"../../../../../Unreal_Projects/StreetOfRage/Content/MySideScroller/Sprites/Character/Axel_Dead_Sprite_2.uasset" 188
"../../../../../Unreal_Projects/StreetOfRage/Content/MySideScroller/Sprites/Character/A_COMPLITEDEAD.uasset" 189
"../../../../../Unreal_Projects/StreetOfRage/Content/MySideScroller/Sprites/Character/Axel_Dead_Sprite_0.uasset" 190
"../../../../../Unreal_Projects/StreetOfRage/Content/MySideScroller/Sprites/Character/Axel_Dead_Sprite_1.uasset" 191
"../../../../../Unreal_Projects/StreetOfRage/Content/MySideScroller/Sprites/Character/A_Dead.uasset" 192
"../../../../../Unreal_Projects/StreetOfRage/Content/MySideScroller/Sprites/Character/hit.uasset" 193
"../../../../../Unreal_Projects/StreetOfRage/Content/MySideScroller/Sprites/Character/hit_Sprite_0.uasset" 194
"../../../../../Unreal_Projects/StreetOfRage/Content/MySideScroller/Sprites/Character/A_HIT.uasset" 195
"../../../../../Unreal_Projects/StreetOfRage/Content/MySideScroller/Sprites/Character/Axel_Jump.uasset" 196
"../../../../../Unreal_Projects/StreetOfRage/Content/MySideScroller/Sprites/Character/Axel_Jump_Sprite_1.uasset" 197
"../../../../../Unreal_Projects/StreetOfRage/Content/MySideScroller/Sprites/Character/Axel_Jump_Sprite_2.uasset" 198
"../../../../../Unreal_Projects/StreetOfRage/Content/MySideScroller/Sprites/Character/A_Jump.uasset" 199
"../../../../../Unreal_Projects/StreetOfRage/Content/MySideScroller/Sprites/Character/Axel.uasset" 200
"../../../../../Unreal_Projects/StreetOfRage/Content/MySideScroller/Sprites/Character/Axel_Sprite_10.uasset" 201
"../../../../../Unreal_Projects/StreetOfRage/Content/MySideScroller/Sprites/Character/Axel_Sprite_12.uasset" 202
"../../../../../Unreal_Projects/StreetOfRage/Content/MySideScroller/Sprites/Character/A_Kick.uasset" 203
"../../../../../Unreal_Projects/StreetOfRage/Content/MySideScroller/Sprites/Character/Axel_Sprite_15.uasset" 204
"../../../../../Unreal_Projects/StreetOfRage/Content/MySideScroller/Sprites/Character/A_OneArmHit.uasset" 205
"../../../../../Unreal_Projects/StreetOfRage/Content/MySideScroller/Sprites/Character/over_shoulder.uasset" 206
"../../../../../Unreal_Projects/StreetOfRage/Content/MySideScroller/Sprites/Character/over_shoulder_Sprite_0.uasset" 207
"../../../../../Unreal_Projects/StreetOfRage/Content/MySideScroller/Sprites/Character/over_shoulder_Sprite_1.uasset" 208
"../../../../../Unreal_Projects/StreetOfRage/Content/MySideScroller/Sprites/Character/over_shoulder_Sprite_2.uasset" 209
"../../../../../Unreal_Projects/StreetOfRage/Content/MySideScroller/Sprites/Character/A_OVERSHOULDER.uasset" 210
"../../../../../Unreal_Projects/StreetOfRage/Content/MySideScroller/Sprites/Character/Axel_Sprite_17.uasset" 211
"../../../../../Unreal_Projects/StreetOfRage/Content/MySideScroller/Sprites/Character/Axel_Sprite_18.uasset" 212
"../../../../../Unreal_Projects/StreetOfRage/Content/MySideScroller/Sprites/Character/Axel_Sprite_19.uasset" 213
"../../../../../Unreal_Projects/StreetOfRage/Content/MySideScroller/Sprites/Character/Axel_Sprite_20.uasset" 214
"../../../../../Unreal_Projects/StreetOfRage/Content/MySideScroller/Sprites/Character/Axel_Sprite_21.uasset" 215
"../../../../../Unreal_Projects/StreetOfRage/Content/MySideScroller/Sprites/Character/Axel_Sprite_22.uasset" 216
"../../../../../Unreal_Projects/StreetOfRage/Content/MySideScroller/Sprites/Character/A_Run.uasset" 217
"../../../../../Unreal_Projects/StreetOfRage/Content/MySideScroller/Sprites/Character/Axel_Jump_Sprite_0.uasset" 218
"../../../../../Unreal_Projects/StreetOfRage/Content/MySideScroller/Sprites/Character/A_Sitting.uasset" 219
"../../../../../Unreal_Projects/StreetOfRage/Content/MySideScroller/Sprites/Character/Axel_Sprite_5.uasset" 220
"../../../../../Unreal_Projects/StreetOfRage/Content/MySideScroller/Sprites/Character/Axel_Sprite_6.uasset" 221
"../../../../../Unreal_Projects/StreetOfRage/Content/MySideScroller/Sprites/Character/Axel_Sprite_7.uasset" 222
"../../../../../Unreal_Projects/StreetOfRage/Content/MySideScroller/Sprites/Character/Axel_Sprite_8.uasset" 223
"../../../../../Unreal_Projects/StreetOfRage/Content/MySideScroller/Sprites/Character/A_Stance.uasset" 224
"../../../../../Unreal_Projects/StreetOfRage/Content/MySideScroller/Sprites/Character/throw.uasset" 225
"../../../../../Unreal_Projects/StreetOfRage/Content/MySideScroller/Sprites/Character/throw_Sprite_0.uasset" 226
"../../../../../Unreal_Projects/StreetOfRage/Content/MySideScroller/Sprites/Character/A_Throw.uasset" 227
"../../../../../Unreal_Projects/StreetOfRage/Content/MySideScroller/Sprites/Character/Axel_Sprite_0.uasset" 228
"../../../../../Unreal_Projects/StreetOfRage/Content/MySideScroller/Sprites/Character/Axel_Sprite_1.uasset" 229
"../../../../../Unreal_Projects/StreetOfRage/Content/MySideScroller/Sprites/Character/Axel_Sprite_2.uasset" 230
"../../../../../Unreal_Projects/StreetOfRage/Content/MySideScroller/Sprites/Character/Axel_Sprite_3.uasset" 231
"../../../../../Unreal_Projects/StreetOfRage/Content/MySideScroller/Sprites/Character/Axel_Sprite_4.uasset" 232
"../../../../../Unreal_Projects/StreetOfRage/Content/MySideScroller/Sprites/Character/A_Walk.uasset" 233
"../../../../../Unreal_Projects/StreetOfRage/Content/MySideScroller/Sprites/Character/Super/Axel_Super.uasset" 234
"../../../../../Unreal_Projects/StreetOfRage/Content/MySideScroller/Sprites/Character/Super/Axel_Super_Sprite_20.uasset" 235
"../../../../../Unreal_Projects/StreetOfRage/Content/MySideScroller/Sprites/Character/Super/Axel_Super_Sprite_21.uasset" 236
"../../../../../Unreal_Projects/StreetOfRage/Content/MySideScroller/Sprites/Character/Super/Axel_Super_Sprite_22.uasset" 237
"../../../../../Unreal_Projects/StreetOfRage/Content/MySideScroller/Sprites/Character/Super/Axel_Super_Sprite_23.uasset" 238
"../../../../../Unreal_Projects/StreetOfRage/Content/MySideScroller/Sprites/Character/Super/Axel_Super_Sprite_24.uasset" 239
"../../../../../Unreal_Projects/StreetOfRage/Content/MySideScroller/Sprites/Character/Super/Axel_Super_Sprite_25.uasset" 240
"../../../../../Unreal_Projects/StreetOfRage/Content/MySideScroller/Sprites/Character/Super/Axel_Super_Sprite_26.uasset" 241
"../../../../../Unreal_Projects/StreetOfRage/Content/MySideScroller/Sprites/Character/Super/A_AP1.uasset" 242
"../../../../../Unreal_Projects/StreetOfRage/Content/MySideScroller/Sprites/Character/Super/Axel_Super_Sprite_30.uasset" 243
"../../../../../Unreal_Projects/StreetOfRage/Content/MySideScroller/Sprites/Character/Super/Axel_Super_Sprite_31.uasset" 244
"../../../../../Unreal_Projects/StreetOfRage/Content/MySideScroller/Sprites/Character/Super/Axel_Super_Sprite_32.uasset" 245
"../../../../../Unreal_Projects/StreetOfRage/Content/MySideScroller/Sprites/Character/Super/Axel_Super_Sprite_33.uasset" 246
"../../../../../Unreal_Projects/StreetOfRage/Content/MySideScroller/Sprites/Character/Super/Axel_Super_Sprite_34.uasset" 247
"../../../../../Unreal_Projects/StreetOfRage/Content/MySideScroller/Sprites/Character/Super/Axel_Super_Sprite_35.uasset" 248
"../../../../../Unreal_Projects/StreetOfRage/Content/MySideScroller/Sprites/Character/Super/Axel_Super_Sprite_36.uasset" 249
"../../../../../Unreal_Projects/StreetOfRage/Content/MySideScroller/Sprites/Character/Super/Axel_Super_Sprite_37.uasset" 250
"../../../../../Unreal_Projects/StreetOfRage/Content/MySideScroller/Sprites/Character/Super/A_AP2.uasset" 251
"../../../../../Unreal_Projects/StreetOfRage/Content/MySideScroller/Sprites/Character/Super/Axel_Super_Sprite_40.uasset" 252
"../../../../../Unreal_Projects/StreetOfRage/Content/MySideScroller/Sprites/Character/Super/Axel_Super_Sprite_41.uasset" 253
"../../../../../Unreal_Projects/StreetOfRage/Content/MySideScroller/Sprites/Character/Super/Axel_Super_Sprite_42.uasset" 254
"../../../../../Unreal_Projects/StreetOfRage/Content/MySideScroller/Sprites/Character/Super/Axel_Super_Sprite_43.uasset" 255
"../../../../../Unreal_Projects/StreetOfRage/Content/MySideScroller/Sprites/Character/Super/Axel_Super_Sprite_44.uasset" 256
"../../../../../Unreal_Projects/StreetOfRage/Content/MySideScroller/Sprites/Character/Super/Axel_Super_Sprite_45.uasset" 257
"../../../../../Unreal_Projects/StreetOfRage/Content/MySideScroller/Sprites/Character/Super/Axel_Super_Sprite_46.uasset" 258
"../../../../../Unreal_Projects/StreetOfRage/Content/MySideScroller/Sprites/Character/Super/Axel_Super_Sprite_47.uasset" 259
"../../../../../Unreal_Projects/StreetOfRage/Content/MySideScroller/Sprites/Character/Super/Axel_Super_Sprite_48.uasset" 260
"../../../../../Unreal_Projects/StreetOfRage/Content/MySideScroller/Sprites/Character/Super/Axel_Super_Sprite_49.uasset" 261
"../../../../../Unreal_Projects/StreetOfRage/Content/MySideScroller/Sprites/Character/Super/A_AP3.uasset" 262
"../../../../../Unreal_Projects/StreetOfRage/Content/MySideScroller/Sprites/Character/Super/Axel_Super_Sprite_10.uasset" 263
"../../../../../Unreal_Projects/StreetOfRage/Content/MySideScroller/Sprites/Character/Super/Axel_Super_Sprite_11.uasset" 264
"../../../../../Unreal_Projects/StreetOfRage/Content/MySideScroller/Sprites/Character/Super/Axel_Super_Sprite_12.uasset" 265
"../../../../../Unreal_Projects/StreetOfRage/Content/MySideScroller/Sprites/Character/Super/Axel_Super_Sprite_13.uasset" 266
"../../../../../Unreal_Projects/StreetOfRage/Content/MySideScroller/Sprites/Character/Super/Axel_Super_Sprite_14.uasset" 267
"../../../../../Unreal_Projects/StreetOfRage/Content/MySideScroller/Sprites/Character/Super/Axel_Super_Sprite_15.uasset" 268
"../../../../../Unreal_Projects/StreetOfRage/Content/MySideScroller/Sprites/Character/Super/Axel_Super_Sprite_16.uasset" 269
"../../../../../Unreal_Projects/StreetOfRage/Content/MySideScroller/Sprites/Character/Super/A_SUPERARM.uasset" 270
"../../../../../Unreal_Projects/StreetOfRage/Content/MySideScroller/Sprites/Character/Super/Axel_Super_Sprite_0.uasset" 271
"../../../../../Unreal_Projects/StreetOfRage/Content/MySideScroller/Sprites/Character/Super/Axel_Super_Sprite_1.uasset" 272
"../../../../../Unreal_Projects/StreetOfRage/Content/MySideScroller/Sprites/Character/Super/A_SUPERKICK1.uasset" 273
"../../../../../Unreal_Projects/StreetOfRage/Content/MySideScroller/Sprites/Character/Super/Axel_Super_Sprite_2.uasset" 274
"../../../../../Unreal_Projects/StreetOfRage/Content/MySideScroller/Sprites/Character/Super/Axel_Super_Sprite_3.uasset" 275
"../../../../../Unreal_Projects/StreetOfRage/Content/MySideScroller/Sprites/Character/Super/Axel_Super_Sprite_4.uasset" 276
"../../../../../Unreal_Projects/StreetOfRage/Content/MySideScroller/Sprites/Character/Super/A_SUPERKICK2.uasset" 277
"../../../../../Unreal_Projects/StreetOfRage/Content/MySideScroller/Blueprint/BP_Axel.uasset" 278
"../../../../../Unreal_Projects/StreetOfRage/Content/MySideScroller/Sprites/EnV/tileset2.uasset" 279
"../../../../../Unreal_Projects/StreetOfRage/Content/MySideScroller/Sprites/EnV/tileset2_Sprite_0.uasset" 280
"../../../../../Unreal_Projects/StreetOfRage/Content/MySideScroller/Blueprint/BP_Trap.uasset" 281
"../../../../../Unreal_Projects/StreetOfRage/Content/MySideScroller/Sounds/kick_leg.uasset" 282
"../../../../../Unreal_Projects/StreetOfRage/Content/MySideScroller/Sprites/Character/Axel_Sprite_11.uasset" 283
"../../../../../Unreal_Projects/StreetOfRage/Content/MySideScroller/Sprites/Character/Axel_Sprite_9.uasset" 284
"../../../../../Unreal_Projects/StreetOfRage/Content/MySideScroller/Sprites/Character/Axel_Sprite_16.uasset" 285
"../../../../../Unreal_Projects/StreetOfRage/Content/MySideScroller/Sprites/Character/A_ArmHit.uasset" 286
"../../../../../Unreal_Projects/StreetOfRage/Content/MySideScroller/Sprites/Character/Super/Axel_Super_Sprite_17.uasset" 287
"../../../../../Unreal_Projects/StreetOfRage/Content/MySideScroller/Sprites/Character/Super/Axel_Super_Sprite_18.uasset" 288
"../../../../../Unreal_Projects/StreetOfRage/Content/MySideScroller/Sprites/Character/Super/Axel_Super_Sprite_19.uasset" 289
"../../../../../Unreal_Projects/StreetOfRage/Content/MySideScroller/Sprites/Character/Super/Axel_Super_Sprite_27.uasset" 290
"../../../../../Unreal_Projects/StreetOfRage/Content/MySideScroller/Sprites/Character/Super/Axel_Super_Sprite_28.uasset" 291
"../../../../../Unreal_Projects/StreetOfRage/Content/MySideScroller/Sprites/Character/Super/Axel_Super_Sprite_29.uasset" 292
"../../../../../Unreal_Projects/StreetOfRage/Content/MySideScroller/Sprites/Character/Super/Axel_Super_Sprite_38.uasset" 293
"../../../../../Unreal_Projects/StreetOfRage/Content/MySideScroller/Sprites/Character/Super/Axel_Super_Sprite_39.uasset" 294
"../../../../../Unreal_Projects/StreetOfRage/Content/MySideScroller/Sprites/Character/Super/Axel_Super_Sprite_8.uasset" 295
"../../../../../Unreal_Projects/StreetOfRage/Content/MySideScroller/Sprites/Enemy/Boss/Boss_Sprite_13.uasset" 296
"../../../../../Unreal_Projects/StreetOfRage/Content/MySideScroller/Sprites/Enemy/Boss/Boss_Sprite_14.uasset" 297
"../../../../../Unreal_Projects/StreetOfRage/Content/MySideScroller/Sprites/Enemy/Boss/A_BOSS_STANDUP.uasset" 298
"../../../../../Unreal_Projects/StreetOfRage/Content/MySideScroller/Sprites/Enemy/Boss/Boss_Sprite_12.uasset" 299
"../../../../../Unreal_Projects/StreetOfRage/Content/MySideScroller/Sprites/Enemy/Boss/Boss_Sprite_16.uasset" 300
"../../../../../Unreal_Projects/StreetOfRage/Content/MySideScroller/Sprites/Enemy/Boss/Boss_Sprite_17.uasset" 301
"../../../../../Unreal_Projects/StreetOfRage/Content/MySideScroller/Sprites/Enemy/Boss/Boss_Sprite_20.uasset" 302
"../../../../../Unreal_Projects/StreetOfRage/Content/MySideScroller/Sprites/Enemy/Boss/Boss_Sprite_7.uasset" 303
"../../../../../Unreal_Projects/StreetOfRage/Content/MySideScroller/Sprites/Enemy/PunkGuy/A_PGHit.uasset" 304
"../../../../../Unreal_Projects/StreetOfRage/Content/MySideScroller/Sprites/EnV/tileset2_Sprite_4.uasset" 305
"../../../../../Unreal_Projects/StreetOfRage/Content/MySideScroller/Sprites/EnV/tileset2_Sprite_6.uasset" 306
"../../../../../Unreal_Projects/StreetOfRage/Content/MySideScroller/Sprites/EnV/A_SMALLESTFIRE.uasset" 307
"../../../../../Unreal_Projects/StreetOfRage/Content/MySideScroller/Sprites/EnV/game_items_Sprite_12.uasset" 308
"../../../../../Unreal_Projects/StreetOfRage/Content/MySideScroller/Sprites/EnV/game_items_Sprite_13.uasset" 309
"../../../../../Unreal_Projects/StreetOfRage/Content/MySideScroller/Sprites/EnV/game_items_Sprite_16.uasset" 310
"../../../../../Unreal_Projects/StreetOfRage/Content/MySideScroller/Sprites/EnV/game_items_Sprite_2.uasset" 311
"../../../../../Unreal_Projects/StreetOfRage/Content/MySideScroller/Sprites/EnV/game_items_Sprite_3.uasset" 312
"../../../../../Unreal_Projects/StreetOfRage/Content/MySideScroller/Sprites/EnV/game_items_Sprite_8.uasset" 313
"../../../../../Unreal_Projects/StreetOfRage/Content/MySideScroller/Sprites/EnV/tileset.uasset" 314
"../../../../../Unreal_Projects/StreetOfRage/Content/MySideScroller/Sprites/EnV/tileset_Sprite_11.uasset" 315
"../../../../../Unreal_Projects/StreetOfRage/Content/MySideScroller/Sprites/EnV/tileset_Sprite_12.uasset" 316
"../../../../../Unreal_Projects/StreetOfRage/Content/MySideScroller/Sprites/EnV/tileset_Sprite_14.uasset" 317
"../../../../../Unreal_Projects/StreetOfRage/Content/MySideScroller/Sprites/EnV/tileset_Sprite_18.uasset" 318
"../../../../../Unreal_Projects/StreetOfRage/Content/MySideScroller/Sprites/EnV/tileset_Sprite_19.uasset" 319
"../../../../../Unreal_Projects/StreetOfRage/Content/MySideScroller/Sprites/EnV/tileset_Sprite_22.uasset" 320
"../../../../../Unreal_Projects/StreetOfRage/Content/MySideScroller/Sprites/EnV/tileset_Sprite_23.uasset" 321
"../../../../../Unreal_Projects/StreetOfRage/Content/MySideScroller/Sprites/EnV/tileset_Sprite_25.uasset" 322
"../../../../../Unreal_Projects/StreetOfRage/Content/MySideScroller/Sprites/EnV/tileset_Sprite_33.uasset" 323
"../../../../../Unreal_Projects/StreetOfRage/Content/MySideScroller/Sprites/EnV/tileset_Sprite_35.uasset" 324
"../../../../../Unreal_Projects/StreetOfRage/Content/MySideScroller/Sprites/EnV/tileset_Sprite_40.uasset" 325
"../../../../../Unreal_Projects/StreetOfRage/Content/MySideScroller/Sprites/EnV/tileset_Sprite_41.uasset" 326
"../../../../../Unreal_Projects/StreetOfRage/Content/MySideScroller/Sprites/EnV/tileset_Sprite_42.uasset" 327
"../../../../../Unreal_Projects/StreetOfRage/Content/MySideScroller/Sprites/EnV/tileset_Sprite_43.uasset" 328
"../../../../../Unreal_Projects/StreetOfRage/Content/MySideScroller/Sprites/EnV/level_01/Level01New.uasset" 329
"../../../../../Unreal_Projects/StreetOfRage/Content/MySideScroller/Sprites/EnV/level_01/Level01New_Sprite_0.uasset" 330
"../../../../../Unreal_Projects/StreetOfRage/Content/UI/streets_of_rage_2___game_over.uasset" 331
"../../../../../Unreal_Projects/StreetOfRage/Content/UI/streets_of_rage_2___game_over_Sprite_0.uasset" 332
"../../../../../Unreal_Projects/StreetOfRage/Content/UI/streets_of_rage_logo.uasset" 333
"../../../../../Unreal_Projects/StreetOfRage/Content/UI/streets_of_rage_logo_Sprite_0.uasset" 334
"../../../Engine/Content/Functions/Engine_MaterialFunctions01/Opacity/CameraDepthFade.uasset" 335
"../../../Engine/Content/EngineMaterials/T_Default_Material_Grid_M.uasset" 336
"../../../Engine/Content/EngineMaterials/T_Default_Material_Grid_N.uasset" 337
"../../../Engine/Content/EngineMaterials/DefaultMaterial.uasset" 338
"../../../Engine/Content/BasicShapes/Cone.uasset" 339
"../../../Engine/Content/EngineMaterials/WorldGridMaterial.uasset" 340
"../../../Engine/Content/BasicShapes/Cube.uasset" 341
"../../../Engine/Content/BasicShapes/Cylinder.uasset" 342
"../../../Engine/Content/BasicShapes/Plane.uasset" 343
"../../../Engine/Content/BasicShapes/Sphere.uasset" 344
"../../../Engine/Content/EditorLandscapeResources/DataLayer.uasset" 345
"../../../Engine/Content/EditorMaterials/GizmoMaterial.uasset" 346
"../../../Engine/Content/EditorMaterials/MAT_Groups_Toggle.uasset" 347
"../../../Engine/Content/EditorMaterials/MAT_Groups_Visibility.uasset" 348
"../../../Engine/Content/EditorMaterials/PreviewShadowIndicator.uasset" 349
"../../../Engine/Content/EditorMaterials/PreviewShadowIndicatorMaterial.uasset" 350
"../../../Engine/Content/EditorMaterials/MatineeGroups/MAT_ColorTrack.uasset" 351
"../../../Engine/Content/EditorMaterials/MatineeGroups/MAT_Groups_Anim.uasset" 352
"../../../Engine/Content/EditorMaterials/MatineeGroups/MAT_Groups_AudioMaster.uasset" 353
"../../../Engine/Content/EditorMaterials/MatineeGroups/MAT_Groups_Director.uasset" 354
"../../../Engine/Content/EditorMaterials/MatineeGroups/MAT_Groups_Event.uasset" 355
"../../../Engine/Content/EditorMaterials/MatineeGroups/MAT_Groups_Fade.uasset" 356
"../../../Engine/Content/EditorMaterials/MatineeGroups/MAT_Groups_Float.uasset" 357
"../../../Engine/Content/EditorMaterials/MatineeGroups/MAT_Groups_Move.uasset" 358
"../../../Engine/Content/EditorMaterials/MatineeGroups/MAT_Groups_Slomo.uasset" 359
"../../../Engine/Content/EditorMaterials/MatineeGroups/MAT_Groups_Sound.uasset" 360
"../../../Engine/Content/EditorMaterials/MatineeGroups/MAT_Groups_Vector.uasset" 361
"../../../Engine/Content/EditorMaterials/ParticleSystems/PSysThumbnail_NoImage.uasset" 362
"../../../Engine/Content/EditorMaterials/ParticleSystems/PSysThumbnail_OOD.uasset" 363
"../../../Engine/Content/EditorMaterials/Camera/CineMat.uasset" 364
"../../../Engine/Content/EditorMaterials/Camera/MI_CineMat_Rig.uasset" 365
"../../../Engine/Content/EditorMeshes/Camera/SM_CraneRig_Arm.uasset" 366
"../../../Engine/Content/EditorMeshes/Camera/SM_CraneRig_Base.uasset" 367
"../../../Engine/Content/EditorMeshes/Camera/SM_CraneRig_Body.uasset" 368
"../../../Engine/Content/EditorMeshes/Camera/SM_CraneRig_Mount.uasset" 369
"../../../Engine/Content/EditorMeshes/Camera/SM_RailRig_Mount.uasset" 370
"../../../Engine/Content/EditorMeshes/Camera/SM_RailRig_Track.uasset" 371
"../../../Engine/Content/EditorMeshes/ColorCalibrator/M_ChromeBall.uasset" 372
"../../../Engine/Content/EditorMeshes/ColorCalibrator/M_ClearCoat.uasset" 373
"../../../Engine/Content/EditorMeshes/ColorCalibrator/M_ClearCoatBlack.uasset" 374
"../../../Engine/Content/EditorMeshes/ColorCalibrator/Color_checker.uasset" 375
"../../../Engine/Content/EditorMeshes/ColorCalibrator/M_ColorGrid.uasset" 376
"../../../Engine/Content/EditorMeshes/ColorCalibrator/M_GreyBall.uasset" 377
"../../../Engine/Content/EditorMeshes/ColorCalibrator/SM_ColorCalibrator.uasset" 378
"../../../Engine/Content/EditorResources/BSPVertex.uasset" 379
"../../../Engine/Content/EditorResources/EmptyActor.uasset" 380
"../../../Engine/Content/EditorResources/S_Actor.uasset" 381
"../../../Engine/Content/EditorResources/S_Trigger.uasset" 382
"../../../Engine/Content/EditorResources/AudioIcons/S_AudioComponent_AutoActivate.uasset" 383
"../../../Engine/Content/EditorResources/SequenceRecorder/Countdown.uasset" 384
"../../../Engine/Content/EditorResources/SequenceRecorder/RecordingIndicator.uasset" 385
"../../../Engine/Content/EditorSounds/Notifications/CompileFailed.uasset" 386
"../../../Engine/Content/EditorSounds/Notifications/CompileFailed_Cue.uasset" 387
"../../../Engine/Content/EditorSounds/Notifications/CompileSuccess.uasset" 388
"../../../Engine/Content/EditorSounds/Notifications/CompileStart_Cue.uasset" 389
"../../../Engine/Content/EditorSounds/Notifications/CompileSuccess_Cue.uasset" 390
"../../../Engine/Content/EngineDamageTypes/DmgTypeBP_Environmental.uasset" 391
"../../../Engine/Content/EngineDebugMaterials/HeatmapGradient.uasset" 392
"../../../Engine/Content/EngineDebugMaterials/BoneWeightMaterial.uasset" 393
"../../../Engine/Content/EngineDebugMaterials/ClothMaterial.uasset" 394
"../../../Engine/Content/EngineDebugMaterials/ClothMaterial_WF.uasset" 395
"../../../Engine/Content/EngineDebugMaterials/DebugEditorMaterial.uasset" 396
"../../../Engine/Content/EngineDebugMaterials/DebugMeshMaterial.uasset" 397
"../../../Engine/Content/EngineDebugMaterials/GeomMaterial.uasset" 398
"../../../Engine/Content/EngineFonts/Faces/RobotoBold.uasset" 399
"../../../Engine/Content/EngineFonts/Faces/RobotoBoldItalic.uasset" 400
"../../../Engine/Content/EngineFonts/Faces/RobotoItalic.uasset" 401
"../../../Engine/Content/EngineFonts/Faces/RobotoLight.uasset" 402
"../../../Engine/Content/EngineFonts/Faces/RobotoRegular.uasset" 403
"../../../Engine/Content/EngineFonts/Roboto.uasset" 404
"../../../Engine/Content/EngineFonts/Faces/RobotoTiny.uasset" 405
"../../../Engine/Content/EngineFonts/RobotoTiny.uasset" 406
"../../../Engine/Content/EngineMaterials/DefaultBloomKernel.uasset" 407
"../../../Engine/Content/EngineMaterials/DefaultBokeh.uasset" 408
"../../../Engine/Content/EngineMaterials/DefaultDiffuse.uasset" 409
"../../../Engine/Content/EngineMaterials/DefaultDeferredDecalMaterial.uasset" 410
"../../../Engine/Content/EngineMaterials/DefaultLightFunctionMaterial.uasset" 411
"../../../Engine/Content/EngineMaterials/DefaultPhysicalMaterial.uasset" 412
"../../../Engine/Content/Functions/Engine_MaterialFunctions02/Utility/BreakOutFloat2Components.uasset" 413
"../../../Engine/Content/EngineMaterials/DefaultPostProcessMaterial.uasset" 414
"../../../Engine/Content/EngineFonts/RobotoDistanceField.uasset" 415
"../../../Engine/Content/EngineMaterials/DefaultTextMaterialOpaque.uasset" 416
"../../../Engine/Content/EngineMaterials/DefaultWhiteGrid.uasset" 417
"../../../Engine/Content/EngineMaterials/EditorBrushMaterial.uasset" 418
"../../../Engine/Content/EngineMaterials/Good64x64TilingNoiseHighFreq.uasset" 419
"../../../Engine/Content/EngineMaterials/MiniFont.uasset" 420
"../../../Engine/Content/EngineMaterials/InvalidLightmapSettings.uasset" 421
"../../../Engine/Content/EngineMaterials/M_InvalidLightmapSettings.uasset" 422
"../../../Engine/Content/Functions/Engine_MaterialFunctions02/WorldPositionOffset/CameraOffset.uasset" 423
"../../../Engine/Content/EngineMaterials/PhAT_JointLimitMaterial.uasset" 424
"../../../Engine/Content/EngineMaterials/PreintegratedSkinBRDF.uasset" 425
"../../../Engine/Content/EngineMaterials/RemoveSurfaceMaterial.uasset" 426
"../../../Engine/Content/EngineMaterials/WeightMapPlaceholderTexture.uasset" 427
"../../../Engine/Content/EngineResources/WhiteSquareTexture.uasset" 428
"../../../Engine/Content/EngineMaterials/Widget3DPassThrough.uasset" 429
"../../../Engine/Content/EngineMaterials/Widget3DPassThrough_Masked.uasset" 430
"../../../Engine/Content/EngineMaterials/Widget3DPassThrough_Opaque.uasset" 431
"../../../Engine/Content/EngineMaterials/Widget3DPassThrough_Masked_OneSided.uasset" 432
"../../../Engine/Content/EngineMaterials/Widget3DPassThrough_Opaque_OneSided.uasset" 433
"../../../Engine/Content/EngineMaterials/Widget3DPassThrough_Translucent.uasset" 434
"../../../Engine/Content/EngineMaterials/Widget3DPassThrough_Translucent_OneSided.uasset" 435
"../../../Engine/Content/EngineMeshes/Cube.uasset" 436
"../../../Engine/Content/EngineMeshes/Cylinder.uasset" 437
"../../../Engine/Content/EngineMeshes/Sphere.uasset" 438
"../../../Engine/Content/EngineResources/Black.uasset" 439
"../../../Engine/Content/EngineResources/DefaultTexture.uasset" 440
"../../../Engine/Content/EngineResources/DefaultTextureCube.uasset" 441
"../../../Engine/Content/EngineResources/GradientTexture0.uasset" 442
"../../../Engine/Content/EngineSounds/Master.uasset" 443
"../../../Engine/Content/Functions/Engine_MaterialFunctions01/Shading/ConvertFromDiffSpec.uasset" 444
"../../../Engine/Content/Functions/Engine_MaterialFunctions01/Shading/PowerToRoughness.uasset" 445
"../../../Engine/Content/Maps/Templates/Thumbnails/Default.uasset" 446
"../../../Engine/Content/Maps/Templates/Thumbnails/VR-Basic.uasset" 447
"../../../Engine/Content/MobileResources/T_MobileControls_texture.uasset" 448
"../../../Engine/Content/MobileResources/T_MobileMenu2.uasset" 449
"../../../Engine/Content/MobileResources/HUD/AnalogHat.uasset" 450
"../../../Engine/Content/MobileResources/HUD/VirtualJoystick_Background.uasset" 451
"../../../Engine/Content/MobileResources/HUD/VirtualJoystick_Thumb.uasset" 452
"../../../Engine/Content/MobileResources/HUD/DefaultVirtualJoysticks.uasset" 453
"../../../Engine/Content/MobileResources/HUD/LeftVirtualJoystickOnly.uasset" 454
"../../../Engine/Content/MobileResources/HUD/MobileHUDButton1_off.uasset" 455
"../../../Engine/Content/MobileResources/HUD/MobileHUDButton1_on.uasset" 456
"../../../Engine/Content/MobileResources/HUD/MobileHUDButton2_off.uasset" 457
"../../../Engine/Content/MobileResources/HUD/MobileHUDButton2_on.uasset" 458
"../../../Engine/Content/MobileResources/HUD/MobileHUDButton3.uasset" 459
"../../../Engine/Content/MobileResources/HUD/MobileHUDButtonFire.uasset" 460
"../../../Engine/Content/MobileResources/HUD/MobileHUDDirectionPad.uasset" 461
"../../../Engine/Content/MobileResources/HUD/MobileHUDDirectionPad2.uasset" 462
"../../../Engine/Content/MobileResources/HUD/MobileHUDDirectionPad3.uasset" 463
"../../../Engine/Content/MobileResources/HUD/MobileHUDDirectionStick.uasset" 464
"../../../Engine/Content/MobileResources/HUD/T_Castle_ThumbstickInner.uasset" 465
"../../../Engine/Content/MobileResources/HUD/T_Castle_ThumbstickOutter.uasset" 466
"../../../Engine/Content/Tutorial/ContentIntroCurve.uasset" 467
"../../../Engine/Content/Tutorial/Basics/TutorialAssets/icon_tab_Levels_40x.uasset" 468
"../../../Engine/Content/Tutorial/BlueprintTutorials/TutorialAssets/BlueprintInterface_64x.uasset" 469
"../../../Engine/Content/Tutorial/BlueprintTutorials/TutorialAssets/BlueprintMacroLibrary_64x.uasset" 470
"../../../Engine/Content/Tutorial/BlueprintTutorials/TutorialAssets/Blueprint_64x.uasset" 471
"../../../Engine/Content/Tutorial/BlueprintTutorials/TutorialAssets/Tutorial_BP_Interface.uasset" 472
"../../../Engine/Content/Tutorial/Foliage/TutorialAssets/Foliage.uasset" 473
"../../../Engine/Content/Tutorial/Landscape/TutorialAssets/Landscape.uasset" 474
"../../../Engine/Content/Tutorial/Paper2D/TutorialAssets/Paper2DFlipbook_TutorialIcon.uasset" 475
"../../../Engine/Content/Tutorial/Paper2D/TutorialAssets/Paper2DSprite_TutorialIcon.uasset" 476
"../../../Engine/Content/Tutorial/SubEditors/TutorialAssets/icon_Editor_Preferences_General_40x.uasset" 477
"../../../Engine/Content/Tutorial/SubEditors/TutorialAssets/icon_ShowSkeletalMeshes_40x.uasset" 478
"../../../Engine/Content/Tutorial/SubEditors/TutorialAssets/TutorialMaterial.uasset" 479
"../../../Engine/Content/Tutorial/SubEditors/TutorialAssets/T_SmokeSubUV_8X8.uasset" 480
"../../../Engine/Content/Tutorial/SubEditors/TutorialAssets/T_soft_smoke.uasset" 481
"../../../Engine/Content/Tutorial/SubEditors/TutorialAssets/M_smoke_subUV_blackbody.uasset" 482
"../../../Engine/Content/Tutorial/SubEditors/TutorialAssets/TutorialParticleSystem.uasset" 483
"../../../Engine/Content/VREditor/Devices/Generic/GenericHMDMaterial.uasset" 484
"../../../Engine/Content/VREditor/Devices/Generic/GenericHMD.uasset" 485
"../../../Engine/Content/Functions/Engine_MaterialFunctions02/Utility/BreakOutFloat3Components.uasset" 486
"../../../Engine/Content/VREditor/Devices/Vive/VivePreController_MasksB.uasset" 487
"../../../Engine/Content/VREditor/Devices/Oculus/OculusControllerMaterial.uasset" 488
"../../../Engine/Content/VREditor/Devices/Oculus/OculusControllerMaterial_Inst.uasset" 489
"../../../Engine/Content/VREditor/Devices/Oculus/OculusControllerMesh.uasset" 490
"../../../Engine/Content/VREditor/Devices/Vive/T_VivePreController_EM.uasset" 491
"../../../Engine/Content/VREditor/Devices/Vive/VivePreController_MasksA.uasset" 492
"../../../Engine/Content/VREditor/Devices/Vive/VivePreControllerDiffuse.uasset" 493
"../../../Engine/Content/VREditor/Devices/Vive/VivePreControllerSpec.uasset" 494
"../../../Engine/Content/VREditor/LaserPointer/VR_LaserPower_01.uasset" 495
"../../../Engine/Content/VREditor/Devices/Vive/VivePreControllerMaterial.uasset" 496
"../../../Engine/Content/VREditor/Devices/Vive/VivePreControllerMaterial_Inst.uasset" 497
"../../../Engine/Content/VREditor/Devices/Vive/VivePreControllerMesh.uasset" 498
"../../../Engine/Content/VREditor/FloatingText/LineMaterial.uasset" 499
"../../../Engine/Content/VREditor/FloatingText/JointSphere.uasset" 500
"../../../Engine/Content/VREditor/FloatingText/LineSegmentCylinder.uasset" 501
"../../../Engine/Content/VREditor/Fonts/VRText_RobotoLarge.uasset" 502
"../../../Engine/Content/VREditor/Fonts/VRTextMaterial.uasset" 503
"../../../Engine/Content/VREditor/Fonts/TranslucentVRTextMaterial.uasset" 504
"../../../Engine/Content/VREditor/LaserPointer/CursorPointer.uasset" 505
"../../../Engine/Content/VREditor/TransformGizmo/TransformGizmoMaterial.uasset" 506
"../../../Engine/Content/VREditor/LaserPointer/HoverMaterial.uasset" 507
"../../../Engine/Content/VREditor/TransformGizmo/TranslucentTransformGizmoMaterial.uasset" 508
"../../../Engine/Content/VREditor/LaserPointer/TranslucentHoverMaterial.uasset" 509
"../../../Engine/Content/VREditor/LaserPointer/HoverMesh.uasset" 510
"../../../Engine/Content/VREditor/LaserPointer/LaserPointerMaterial.uasset" 511
"../../../Engine/Content/VREditor/LaserPointer/LaserPointerMaterialInst.uasset" 512
"../../../Engine/Content/VREditor/LaserPointer/TranslucentLaserPointerMaterialInst.uasset" 513
"../../../Engine/Content/VREditor/LaserPointer/LaserPointerMesh.uasset" 514
"../../../Engine/Content/VREditor/LaserPointer/LaserPointerMesh_End.uasset" 515
"../../../Engine/Content/VREditor/LaserPointer/LaserPointerMesh_Start.uasset" 516
"../../../Engine/Content/VREditor/Sounds/VR_teleport.uasset" 517
"../../../Engine/Content/VREditor/Sounds/UI/Click_on_Button.uasset" 518
"../../../Engine/Content/VREditor/Sounds/UI/Click_on_Button_Cue.uasset" 519
"../../../Engine/Content/VREditor/Sounds/UI/Dockable_Window_Close.uasset" 520
"../../../Engine/Content/VREditor/Sounds/UI/Dockable_Window_Drop.uasset" 521
"../../../Engine/Content/VREditor/Sounds/UI/Dockable_Window_Open.uasset" 522
"../../../Engine/Content/VREditor/Sounds/UI/Dockable_Window_Pick_Up.uasset" 523
"../../../Engine/Content/VREditor/Sounds/UI/Drop_Item_From_ContentBrowser.uasset" 524
"../../../Engine/Content/VREditor/Sounds/UI/Floating_UI_Open-001.uasset" 525
"../../../Engine/Content/VREditor/Sounds/UI/Radial_Menu_FadeOut.uasset" 526
"../../../Engine/Content/VREditor/Sounds/UI/Teleport_Mode_Entered.uasset" 527
"../../../Engine/Content/VREditor/Teleport/TeleportDirectionMaterial.uasset" 528
"../../../Engine/Content/VREditor/Teleport/TeleportDirectionMaterial_Inst.uasset" 529
"../../../Engine/Content/VREditor/Teleport/TeleportDirectionMesh.uasset" 530
"../../../Engine/Content/VREditor/TransformGizmo/BoundingBoxCorner.uasset" 531
"../../../Engine/Content/VREditor/TransformGizmo/BoundingBoxEdge.uasset" 532
"../../../Engine/Content/VREditor/TransformGizmo/PlaneTranslationHandle.uasset" 533
"../../../Engine/Content/VREditor/TransformGizmo/Main.uasset" 534
"../../../Engine/Content/VREditor/TransformGizmo/Xray.uasset" 535
"../../../Engine/Content/VREditor/TransformGizmo/SM_Dialog_Close.uasset" 536
"../../../Engine/Content/VREditor/TransformGizmo/SM_Dialog_Move.uasset" 537
"../../../Engine/Content/VREditor/TransformGizmo/SM_Sequencer_Key.uasset" 538
"../../../Engine/Content/VREditor/TransformGizmo/SM_Sequencer_Node.uasset" 539
"../../../Engine/Content/VREditor/TransformGizmo/TransformGizmoMaterial_Inst.uasset" 540
"../../../Engine/Content/VREditor/TransformGizmo/TranslucentTransformGizmoMaterial_Inst.uasset" 541
"../../../Engine/Content/VREditor/Devices/Vive/UE4_Logo.uasset" 542
"../../../Engine/Content/VREditor/UI/M_ContentWindow.uasset" 543
"../../../Engine/Content/VREditor/UI/SM_ContentWindow_01.uasset" 544
"../../../Engine/Content/VREditor/UI/KeyDiskMaterial.uasset" 545
"../../../Engine/Content/VREditor/UI/DiscMaterial.uasset" 546
"../../../Engine/Content/VREditor/UI/SM_Radial_Disk.uasset" 547
"../../../Engine/Content/VREditor/UI/ArrowMaterial.uasset" 548
"../../../Engine/Content/VREditor/UI/SM_Radial_Pointer.uasset" 549
"../../../Engine/Content/Functions/Engine_MaterialFunctions01/Gradient/RadialGradient.uasset" 550
"../../../Engine/Content/VREditor/WorldMovementGrid/SimpleGrid.uasset" 551
"../../../Engine/Content/VREditor/WorldMovementGrid/GridMaterial.uasset" 552
"../../../Engine/Content/Functions/Engine_MaterialFunctions01/Density/ExponentialDensity.uasset" 553
"../../../Engine/Content/VREditor/WorldMovementGrid/GridPostProcess.uasset" 554
"../../../Engine/Content/EditorLandscapeResources/FlattenHeightMat.uasset" 555
"../../../Engine/Content/VREditor/WorldMovementGrid/PlaneMesh.uasset" 556
"../../Plugins/2D/Paper2D/Content/PlaceholderTextures/DummySpriteTexture.uasset" 557
"../../Plugins/2D/Paper2D/Content/DummySprite.uasset" 558
"../../Plugins/2D/Paper2D/Content/DefaultPaperTerrainMaterial.uasset" 559
"../../Plugins/2D/Paper2D/Content/MaskedUnlitSpriteMaterial.uasset" 560
"../../Plugins/Media/MediaCompositing/Content/DefaultMediaPlaneTexture.uasset" 561
"../../Plugins/Media/MediaCompositing/Content/DefaultMediaPlaneMaterial.uasset" 562
"../../../Engine/Content/Functions/Engine_MaterialFunctions02/Utility/MakeFloat4.uasset" 563
"../../Plugins/Runtime/AppleARKit/Content/ARKitCameraMaterial.uasset" 564
"../../Plugins/Runtime/Oculus/OculusVR/Content/Textures/GearVRController_AO.uasset" 565
"../../Plugins/Runtime/Oculus/OculusVR/Content/Textures/GearVRController_Color.uasset" 566
"../../Plugins/Runtime/Oculus/OculusVR/Content/Textures/GearVRController_Normal.uasset" 567
"../../Plugins/Runtime/Oculus/OculusVR/Content/Materials/GearVRControllerMaterial.uasset" 568
"../../Plugins/Runtime/Oculus/OculusVR/Content/Meshes/GearVrController.uasset" 569
"../../../../../Unreal_Projects/StreetOfRage/Content/MySideScroller/Sounds/gameover.uasset" 570
"../../../../../Unreal_Projects/StreetOfRage/Content/UI/GameOver.uasset" 571
"../../../../../Unreal_Projects/StreetOfRage/Content/Levels/GameOver.umap" 572
"../../../../../Unreal_Projects/StreetOfRage/Content/MySideScroller/Sprites/EnV/tileset2_Sprite_1.uasset" 573
"../../../../../Unreal_Projects/StreetOfRage/Content/MySideScroller/Sprites/EnV/tileset2_Sprite_2.uasset" 574
"../../../../../Unreal_Projects/StreetOfRage/Content/MySideScroller/Sprites/EnV/A_FIRE.uasset" 575
"../../../../../Unreal_Projects/StreetOfRage/Content/MySideScroller/Sprites/EnV/tileset2_Sprite_3.uasset" 576
"../../../../../Unreal_Projects/StreetOfRage/Content/MySideScroller/Sprites/EnV/A_MEDIUMFIRE.uasset" 577
"../../../../../Unreal_Projects/StreetOfRage/Content/MySideScroller/Sprites/EnV/A_SM_FIRE1.uasset" 578
"../../../../../Unreal_Projects/StreetOfRage/Content/MySideScroller/Blueprint/BP_FIRE.uasset" 579
"../../../../../Unreal_Projects/StreetOfRage/Content/MySideScroller/Sounds/Portal.uasset" 580
"../../../../../Unreal_Projects/StreetOfRage/Content/MySideScroller/Sounds/Portal_Cue.uasset" 581
"../../../../../Unreal_Projects/StreetOfRage/Content/MySideScroller/Sprites/EnV/portal.uasset" 582
"../../../../../Unreal_Projects/StreetOfRage/Content/MySideScroller/Sprites/EnV/portal_Sprite_0.uasset" 583
"../../../../../Unreal_Projects/StreetOfRage/Content/MySideScroller/Sprites/EnV/A_PORTAL.uasset" 584
"../../../../../Unreal_Projects/StreetOfRage/Content/MySideScroller/Sprites/EnV/A_PORTALANIMATION.uasset" 585
"../../../../../Unreal_Projects/StreetOfRage/Content/MySideScroller/Blueprint/BP_PortalLevel.uasset" 586
"../../../../../Unreal_Projects/StreetOfRage/Content/MySideScroller/Sprites/EnV/tileset_Sprite_0.uasset" 587
"../../../../../Unreal_Projects/StreetOfRage/Content/MySideScroller/Sprites/EnV/A_LOOTWQODBOX.uasset" 588
"../../../../../Unreal_Projects/StreetOfRage/Content/MySideScroller/Blueprint/Loot/LOOTWOODBLOCKS.uasset" 589
"../../../../../Unreal_Projects/StreetOfRage/Content/2DSideScrollerBP/Blueprints/2DSideScrollerGameMode.uasset" 590
"../../../../../Unreal_Projects/StreetOfRage/Content/MySideScroller/Sounds/PickUpCoins.uasset" 591
"../../../../../Unreal_Projects/StreetOfRage/Content/MySideScroller/Sprites/EnV/game_items_Sprite_17.uasset" 592
"../../../../../Unreal_Projects/StreetOfRage/Content/MySideScroller/Blueprint/BP_Coins.uasset" 593
"../../../../../Unreal_Projects/StreetOfRage/Content/MySideScroller/Sprites/EnV/game_items_Sprite_9.uasset" 594
"../../../../../Unreal_Projects/StreetOfRage/Content/MySideScroller/Blueprint/BP_Gold.uasset" 595
"../../../../../Unreal_Projects/StreetOfRage/Content/MySideScroller/Sounds/heal.uasset" 596
"../../../../../Unreal_Projects/StreetOfRage/Content/MySideScroller/Sprites/EnV/game_items_Sprite_19.uasset" 597
"../../../../../Unreal_Projects/StreetOfRage/Content/MySideScroller/Blueprint/BP_Heal.uasset" 598
"../../../../../Unreal_Projects/StreetOfRage/Content/MySideScroller/Sprites/EnV/Transperency_Material_Ground.uasset" 599
"../../../Engine/Content/MapTemplates/SM_Template_Map_Floor.uasset" 600
"../../../../../Unreal_Projects/StreetOfRage/Content/MySideScroller/Sprites/EnV/tileset2_Sprite_5.uasset" 601
"../../../../../Unreal_Projects/StreetOfRage/Content/MySideScroller/Sprites/EnV/A_SM_FIRE2.uasset" 602
"../../../../../Unreal_Projects/StreetOfRage/Content/MySideScroller/Sprites/EnV/tileset2_Sprite_10.uasset" 603
"../../../../../Unreal_Projects/StreetOfRage/Content/MySideScroller/Sprites/EnV/tileset2_Sprite_8.uasset" 604
"../../../../../Unreal_Projects/StreetOfRage/Content/MySideScroller/Sprites/EnV/tileset2_Sprite_9.uasset" 605
"../../../../../Unreal_Projects/StreetOfRage/Content/MySideScroller/Sprites/EnV/A_WATER.uasset" 606
"../../../../../Unreal_Projects/StreetOfRage/Content/MySideScroller/Sprites/EnV/game_items_Sprite_10.uasset" 607
"../../../../../Unreal_Projects/StreetOfRage/Content/MySideScroller/Sprites/EnV/game_items_Sprite_14.uasset" 608
"../../../../../Unreal_Projects/StreetOfRage/Content/MySideScroller/Sprites/EnV/game_items_Sprite_15.uasset" 609
"../../../../../Unreal_Projects/StreetOfRage/Content/MySideScroller/Sprites/EnV/game_items_Sprite_4.uasset" 610
"../../../../../Unreal_Projects/StreetOfRage/Content/MySideScroller/Sprites/EnV/game_items_Sprite_5.uasset" 611
"../../../../../Unreal_Projects/StreetOfRage/Content/MySideScroller/Sprites/EnV/level_00/Level_00.uasset" 612
"../../../../../Unreal_Projects/StreetOfRage/Content/MySideScroller/Sprites/EnV/level_00/Level_00_Sprite_0.uasset" 613
"../../../../../Unreal_Projects/StreetOfRage/Content/MySideScroller/Sprites/EnV/tileset_Sprite_1.uasset" 614
"../../../../../Unreal_Projects/StreetOfRage/Content/MySideScroller/Sprites/EnV/tileset_Sprite_10.uasset" 615
"../../../../../Unreal_Projects/StreetOfRage/Content/MySideScroller/Sprites/EnV/tileset_Sprite_15.uasset" 616
"../../../../../Unreal_Projects/StreetOfRage/Content/MySideScroller/Sprites/EnV/tileset_Sprite_20.uasset" 617
"../../../../../Unreal_Projects/StreetOfRage/Content/MySideScroller/Sprites/EnV/tileset_Sprite_24.uasset" 618
"../../../../../Unreal_Projects/StreetOfRage/Content/MySideScroller/Sprites/EnV/tileset_Sprite_26.uasset" 619
"../../../../../Unreal_Projects/StreetOfRage/Content/MySideScroller/Sprites/EnV/tileset_Sprite_29.uasset" 620
"../../../../../Unreal_Projects/StreetOfRage/Content/MySideScroller/Sprites/EnV/tileset_Sprite_3.uasset" 621
"../../../../../Unreal_Projects/StreetOfRage/Content/MySideScroller/Sprites/EnV/tileset_Sprite_30.uasset" 622
"../../../../../Unreal_Projects/StreetOfRage/Content/MySideScroller/Sprites/EnV/tileset_Sprite_31.uasset" 623
"../../../../../Unreal_Projects/StreetOfRage/Content/MySideScroller/Sprites/EnV/tileset_Sprite_34.uasset" 624
"../../../../../Unreal_Projects/StreetOfRage/Content/MySideScroller/Sprites/EnV/tileset_Sprite_36.uasset" 625
"../../../../../Unreal_Projects/StreetOfRage/Content/MySideScroller/Sprites/EnV/tileset_Sprite_37.uasset" 626
"../../../../../Unreal_Projects/StreetOfRage/Content/MySideScroller/Sprites/EnV/tileset_Sprite_38.uasset" 627
"../../../../../Unreal_Projects/StreetOfRage/Content/MySideScroller/Sprites/EnV/tileset_Sprite_39.uasset" 628
"../../../../../Unreal_Projects/StreetOfRage/Content/MySideScroller/Sprites/EnV/tileset_Sprite_4.uasset" 629
"../../../../../Unreal_Projects/StreetOfRage/Content/MySideScroller/Sprites/EnV/tileset_Sprite_6.uasset" 630
"../../../../../Unreal_Projects/StreetOfRage/Content/Levels/Level_00.umap" 631
"../../../../../Unreal_Projects/StreetOfRage/Content/MySideScroller/Sounds/Level01Sound.uasset" 632
"../../../../../Unreal_Projects/StreetOfRage/Content/MySideScroller/Sounds/Level01_Sound_Cue.uasset" 633
"../../../../../Unreal_Projects/StreetOfRage/Content/MySideScroller/Blueprint/BP_Level01Music.uasset" 634
"../../../../../Unreal_Projects/StreetOfRage/Content/MySideScroller/Sprites/EnV/game_items_Sprite_18.uasset" 635
"../../../../../Unreal_Projects/StreetOfRage/Content/MySideScroller/Blueprint/BP_PlusLife.uasset" 636
"../../../../../Unreal_Projects/StreetOfRage/Content/MySideScroller/Sprites/EnV/A_M_FIRE0.uasset" 637
"../../../../../Unreal_Projects/StreetOfRage/Content/MySideScroller/Sprites/EnV/game_items_Sprite_11.uasset" 638
"../../../../../Unreal_Projects/StreetOfRage/Content/MySideScroller/Sprites/EnV/game_items_Sprite_6.uasset" 639
"../../../../../Unreal_Projects/StreetOfRage/Content/MySideScroller/Sprites/EnV/game_items_Sprite_7.uasset" 640
"../../../../../Unreal_Projects/StreetOfRage/Content/MySideScroller/Sprites/EnV/level_01/Level_01.uasset" 641
"../../../../../Unreal_Projects/StreetOfRage/Content/MySideScroller/Sprites/EnV/level_01/Level_00_Sprite_0.uasset" 642
"../../../../../Unreal_Projects/StreetOfRage/Content/MySideScroller/Sprites/EnV/tileset_Sprite_13.uasset" 643
"../../../../../Unreal_Projects/StreetOfRage/Content/MySideScroller/Sprites/EnV/tileset_Sprite_16.uasset" 644
"../../../../../Unreal_Projects/StreetOfRage/Content/MySideScroller/Sprites/EnV/tileset_Sprite_17.uasset" 645
"../../../../../Unreal_Projects/StreetOfRage/Content/MySideScroller/Sprites/EnV/tileset_Sprite_21.uasset" 646
"../../../../../Unreal_Projects/StreetOfRage/Content/Levels/Level_01.umap" 647
"../../../../../Unreal_Projects/StreetOfRage/Content/MySideScroller/Sounds/menu.uasset" 648
"../../../../../Unreal_Projects/StreetOfRage/Content/UI/Start_UP_BG.uasset" 649
"../../../../../Unreal_Projects/StreetOfRage/Content/UI/Start_UP_BG_Sprite_0.uasset" 650
"../../../../../Unreal_Projects/StreetOfRage/Content/UI/MainMenu.uasset" 651
"../../../../../Unreal_Projects/StreetOfRage/Content/Levels/Menu.umap" 652
"../../../Engine/Content/Maps/Entry.umap" 653
