"../../Plugins/2D/Paper2D/Content/DefaultSpriteMaterial.uasset" 0
"../../Plugins/2D/Paper2D/Content/OpaqueUnlitSpriteMaterial.uasset" 1
"../../../../../Unreal_Projects/MySideScroller/Content/2DSideScroller/Sprites/Background_Sprite.uasset" 2
"../../../../../Unreal_Projects/MySideScroller/Content/2dSideScroller/Textures/2DBackgroundBlockAtlas.uasset" 3
"../../../../../Unreal_Projects/MySideScroller/Content/2DSideScroller/Sprites/Ledge.uasset" 4
"../../../../../Unreal_Projects/MySideScroller/Content/2dSideScroller/Textures/2DBackgroundTile.uasset" 5
"../../../../../Unreal_Projects/MySideScroller/Content/2DSideScroller/Materials/PrototypingSpriteMaterial.uasset" 6
"../../../../../Unreal_Projects/MySideScroller/Content/2DSideScroller/Sprites/PrototypingSprite.uasset" 7
"../../../../../Unreal_Projects/MySideScroller/Content/2DSideScroller/Textures/2DBackground.uasset" 8
"../../../Engine/Content/EditorBlueprintResources/StandardMacros.uasset" 9
"../../../../../Unreal_Projects/MySideScroller/Content/2dSideScroller/Textures/2DCharacter_IdleAnimAtlas.uasset" 10
"../../../../../Unreal_Projects/MySideScroller/Content/2dSideScroller/Sprites/IdleFrames/IdleCycle1.uasset" 11
"../../../../../Unreal_Projects/MySideScroller/Content/2dSideScroller/Sprites/IdleFrames/IdleCycle2.uasset" 12
"../../../../../Unreal_Projects/MySideScroller/Content/2dSideScroller/Sprites/IdleFrames/IdleCycle3.uasset" 13
"../../../../../Unreal_Projects/MySideScroller/Content/2dSideScroller/Sprites/IdleFrames/IdleCycle4.uasset" 14
"../../../../../Unreal_Projects/MySideScroller/Content/2dSideScroller/Sprites/IdleFrames/IdleCycle5.uasset" 15
"../../../../../Unreal_Projects/MySideScroller/Content/2dSideScroller/Sprites/IdleFrames/IdleCycle6.uasset" 16
"../../../../../Unreal_Projects/MySideScroller/Content/2dSideScroller/Sprites/IdleFrames/IdleCycle7.uasset" 17
"../../../../../Unreal_Projects/MySideScroller/Content/2dSideScroller/Sprites/IdleFrames/IdleCycle8.uasset" 18
"../../../../../Unreal_Projects/MySideScroller/Content/2DSideScroller/Sprites/IdleAnimation.uasset" 19
"../../../../../Unreal_Projects/MySideScroller/Content/2dSideScroller/Textures/2DCharacter_RunAnimAtlas.uasset" 20
"../../../../../Unreal_Projects/MySideScroller/Content/2dSideScroller/Sprites/RunFrames/RunCycle_1.uasset" 21
"../../../../../Unreal_Projects/MySideScroller/Content/2dSideScroller/Sprites/RunFrames/RunCycle_10.uasset" 22
"../../../../../Unreal_Projects/MySideScroller/Content/2dSideScroller/Sprites/RunFrames/RunCycle_11.uasset" 23
"../../../../../Unreal_Projects/MySideScroller/Content/2dSideScroller/Sprites/RunFrames/RunCycle_12.uasset" 24
"../../../../../Unreal_Projects/MySideScroller/Content/2dSideScroller/Sprites/RunFrames/RunCycle_13.uasset" 25
"../../../../../Unreal_Projects/MySideScroller/Content/2dSideScroller/Sprites/RunFrames/RunCycle_14.uasset" 26
"../../../../../Unreal_Projects/MySideScroller/Content/2dSideScroller/Sprites/RunFrames/RunCycle_15.uasset" 27
"../../../../../Unreal_Projects/MySideScroller/Content/2dSideScroller/Sprites/RunFrames/RunCycle_16.uasset" 28
"../../../../../Unreal_Projects/MySideScroller/Content/2dSideScroller/Sprites/RunFrames/RunCycle_2.uasset" 29
"../../../../../Unreal_Projects/MySideScroller/Content/2dSideScroller/Sprites/RunFrames/RunCycle_3.uasset" 30
"../../../../../Unreal_Projects/MySideScroller/Content/2dSideScroller/Sprites/RunFrames/RunCycle_4.uasset" 31
"../../../../../Unreal_Projects/MySideScroller/Content/2dSideScroller/Sprites/RunFrames/RunCycle_5.uasset" 32
"../../../../../Unreal_Projects/MySideScroller/Content/2dSideScroller/Sprites/RunFrames/RunCycle_6.uasset" 33
"../../../../../Unreal_Projects/MySideScroller/Content/2dSideScroller/Sprites/RunFrames/RunCycle_7.uasset" 34
"../../../../../Unreal_Projects/MySideScroller/Content/2dSideScroller/Sprites/RunFrames/RunCycle_8.uasset" 35
"../../../../../Unreal_Projects/MySideScroller/Content/2dSideScroller/Sprites/RunFrames/RunCycle_9.uasset" 36
"../../../../../Unreal_Projects/MySideScroller/Content/2DSideScroller/Sprites/RunningAnimation.uasset" 37
"../../../../../Unreal_Projects/MySideScroller/Content/2DSideScrollerBP/Blueprints/2DSideScrollerCharacter.uasset" 38
"../../../../../Unreal_Projects/MySideScroller/Content/MySideScroller/Sounds/kick_leg.uasset" 39
"../../../../../Unreal_Projects/MySideScroller/Content/MySideScroller/Sounds/PGVoice.uasset" 40
"../../Plugins/2D/Paper2D/Content/TranslucentUnlitSpriteMaterial.uasset" 41
"../../../../../Unreal_Projects/MySideScroller/Content/MySideScroller/Sprites/Character/Axel.uasset" 42
"../../../../../Unreal_Projects/MySideScroller/Content/MySideScroller/Sprites/Character/Axel_Sprite_11.uasset" 43
"../../../../../Unreal_Projects/MySideScroller/Content/MySideScroller/Sprites/Character/Axel_Sprite_9.uasset" 44
"../../../../../Unreal_Projects/MySideScroller/Content/MySideScroller/Sprites/Character/Axel_Sprite_15.uasset" 45
"../../../../../Unreal_Projects/MySideScroller/Content/MySideScroller/Sprites/Character/Axel_Sprite_16.uasset" 46
"../../../../../Unreal_Projects/MySideScroller/Content/MySideScroller/Sprites/Character/A_ArmHit.uasset" 47
"../../../../../Unreal_Projects/MySideScroller/Content/MySideScroller/Sprites/Character/Super/Axel_Super.uasset" 48
"../../../../../Unreal_Projects/MySideScroller/Content/MySideScroller/Sprites/Character/Super/Axel_Super_Sprite_17.uasset" 49
"../../../../../Unreal_Projects/MySideScroller/Content/MySideScroller/Sprites/Character/Super/Axel_Super_Sprite_18.uasset" 50
"../../../../../Unreal_Projects/MySideScroller/Content/MySideScroller/Sprites/Character/Super/Axel_Super_Sprite_19.uasset" 51
"../../../../../Unreal_Projects/MySideScroller/Content/MySideScroller/Sprites/Character/Super/Axel_Super_Sprite_27.uasset" 52
"../../../../../Unreal_Projects/MySideScroller/Content/MySideScroller/Sprites/Character/Super/Axel_Super_Sprite_28.uasset" 53
"../../../../../Unreal_Projects/MySideScroller/Content/MySideScroller/Sprites/Character/Super/Axel_Super_Sprite_29.uasset" 54
"../../../../../Unreal_Projects/MySideScroller/Content/MySideScroller/Sprites/Character/Super/Axel_Super_Sprite_38.uasset" 55
"../../../../../Unreal_Projects/MySideScroller/Content/MySideScroller/Sprites/Character/Super/Axel_Super_Sprite_39.uasset" 56
"../../../../../Unreal_Projects/MySideScroller/Content/MySideScroller/Sprites/Character/Super/Axel_Super_Sprite_8.uasset" 57
"../../../../../Unreal_Projects/MySideScroller/Content/MySideScroller/Sprites/Enemy/Boss/Boss.uasset" 58
"../../../../../Unreal_Projects/MySideScroller/Content/MySideScroller/Sprites/Enemy/Boss/Boss_Sprite_11.uasset" 59
"../../../../../Unreal_Projects/MySideScroller/Content/MySideScroller/Sprites/Enemy/Boss/Boss_Sprite_13.uasset" 60
"../../../../../Unreal_Projects/MySideScroller/Content/MySideScroller/Sprites/Enemy/Boss/Boss_Sprite_14.uasset" 61
"../../../../../Unreal_Projects/MySideScroller/Content/MySideScroller/Sprites/Enemy/Boss/A_BOSS_STANDUP.uasset" 62
"../../../../../Unreal_Projects/MySideScroller/Content/MySideScroller/Sprites/Enemy/Boss/Boss_Sprite_12.uasset" 63
"../../../../../Unreal_Projects/MySideScroller/Content/MySideScroller/Sprites/Enemy/Boss/Boss_Sprite_16.uasset" 64
"../../../../../Unreal_Projects/MySideScroller/Content/MySideScroller/Sprites/Enemy/Boss/Boss_Sprite_17.uasset" 65
"../../../../../Unreal_Projects/MySideScroller/Content/MySideScroller/Sprites/Enemy/Boss/Boss_Sprite_20.uasset" 66
"../../../../../Unreal_Projects/MySideScroller/Content/MySideScroller/Sprites/Enemy/Boss/Boss_Sprite_7.uasset" 67
"../../../../../Unreal_Projects/MySideScroller/Content/MySideScroller/Sprites/Enemy/PunkGuy/A_PGHit.uasset" 68
"../../../../../Unreal_Projects/MySideScroller/Content/MySideScroller/Sprites/EnV/tileset2.uasset" 69
"../../../../../Unreal_Projects/MySideScroller/Content/MySideScroller/Sprites/EnV/tileset2_Sprite_4.uasset" 70
"../../../../../Unreal_Projects/MySideScroller/Content/MySideScroller/Sprites/EnV/tileset2_Sprite_6.uasset" 71
"../../../../../Unreal_Projects/MySideScroller/Content/MySideScroller/Sprites/EnV/A_SMALLESTFIRE.uasset" 72
"../../../../../Unreal_Projects/MySideScroller/Content/MySideScroller/Sprites/EnV/game_items.uasset" 73
"../../../../../Unreal_Projects/MySideScroller/Content/MySideScroller/Sprites/EnV/game_items_Sprite_12.uasset" 74
"../../../../../Unreal_Projects/MySideScroller/Content/MySideScroller/Sprites/EnV/game_items_Sprite_13.uasset" 75
"../../../../../Unreal_Projects/MySideScroller/Content/MySideScroller/Sprites/EnV/game_items_Sprite_16.uasset" 76
"../../../../../Unreal_Projects/MySideScroller/Content/MySideScroller/Sprites/EnV/game_items_Sprite_2.uasset" 77
"../../../../../Unreal_Projects/MySideScroller/Content/MySideScroller/Sprites/EnV/game_items_Sprite_3.uasset" 78
"../../../../../Unreal_Projects/MySideScroller/Content/MySideScroller/Sprites/EnV/game_items_Sprite_8.uasset" 79
"../../../../../Unreal_Projects/MySideScroller/Content/MySideScroller/Sprites/EnV/tileset.uasset" 80
"../../../../../Unreal_Projects/MySideScroller/Content/MySideScroller/Sprites/EnV/tileset_Sprite_11.uasset" 81
"../../../../../Unreal_Projects/MySideScroller/Content/MySideScroller/Sprites/EnV/tileset_Sprite_12.uasset" 82
"../../../../../Unreal_Projects/MySideScroller/Content/MySideScroller/Sprites/EnV/tileset_Sprite_14.uasset" 83
"../../../../../Unreal_Projects/MySideScroller/Content/MySideScroller/Sprites/EnV/tileset_Sprite_18.uasset" 84
"../../../../../Unreal_Projects/MySideScroller/Content/MySideScroller/Sprites/EnV/tileset_Sprite_19.uasset" 85
"../../../../../Unreal_Projects/MySideScroller/Content/MySideScroller/Sprites/EnV/tileset_Sprite_22.uasset" 86
"../../../../../Unreal_Projects/MySideScroller/Content/MySideScroller/Sprites/EnV/tileset_Sprite_23.uasset" 87
"../../../../../Unreal_Projects/MySideScroller/Content/MySideScroller/Sprites/EnV/tileset_Sprite_25.uasset" 88
"../../../../../Unreal_Projects/MySideScroller/Content/MySideScroller/Sprites/EnV/tileset_Sprite_33.uasset" 89
"../../../../../Unreal_Projects/MySideScroller/Content/MySideScroller/Sprites/EnV/tileset_Sprite_35.uasset" 90
"../../../../../Unreal_Projects/MySideScroller/Content/MySideScroller/Sprites/EnV/tileset_Sprite_40.uasset" 91
"../../../../../Unreal_Projects/MySideScroller/Content/MySideScroller/Sprites/EnV/tileset_Sprite_41.uasset" 92
"../../../../../Unreal_Projects/MySideScroller/Content/MySideScroller/Sprites/EnV/tileset_Sprite_42.uasset" 93
"../../../../../Unreal_Projects/MySideScroller/Content/MySideScroller/Sprites/EnV/tileset_Sprite_43.uasset" 94
"../../../../../Unreal_Projects/MySideScroller/Content/UI/streets_of_rage_2___game_over.uasset" 95
"../../../../../Unreal_Projects/MySideScroller/Content/UI/streets_of_rage_2___game_over_Sprite_0.uasset" 96
"../../../../../Unreal_Projects/MySideScroller/Content/UI/streets_of_rage_logo.uasset" 97
"../../../../../Unreal_Projects/MySideScroller/Content/UI/streets_of_rage_logo_Sprite_0.uasset" 98
"../../../Engine/Content/Functions/Engine_MaterialFunctions01/Opacity/CameraDepthFade.uasset" 99
"../../../Engine/Content/EngineMaterials/T_Default_Material_Grid_M.uasset" 100
"../../../Engine/Content/EngineMaterials/T_Default_Material_Grid_N.uasset" 101
"../../../Engine/Content/EngineMaterials/DefaultMaterial.uasset" 102
"../../../Engine/Content/BasicShapes/Cone.uasset" 103
"../../../Engine/Content/EngineMaterials/WorldGridMaterial.uasset" 104
"../../../Engine/Content/BasicShapes/Cube.uasset" 105
"../../../Engine/Content/BasicShapes/Cylinder.uasset" 106
"../../../Engine/Content/BasicShapes/Plane.uasset" 107
"../../../Engine/Content/BasicShapes/Sphere.uasset" 108
"../../../Engine/Content/EditorLandscapeResources/DataLayer.uasset" 109
"../../../Engine/Content/EditorMaterials/GizmoMaterial.uasset" 110
"../../../Engine/Content/EditorMaterials/MAT_Groups_Toggle.uasset" 111
"../../../Engine/Content/EditorMaterials/MAT_Groups_Visibility.uasset" 112
"../../../Engine/Content/EditorMaterials/PreviewShadowIndicator.uasset" 113
"../../../Engine/Content/EditorMaterials/PreviewShadowIndicatorMaterial.uasset" 114
"../../../Engine/Content/EditorMaterials/MatineeGroups/MAT_ColorTrack.uasset" 115
"../../../Engine/Content/EditorMaterials/MatineeGroups/MAT_Groups_Anim.uasset" 116
"../../../Engine/Content/EditorMaterials/MatineeGroups/MAT_Groups_AudioMaster.uasset" 117
"../../../Engine/Content/EditorMaterials/MatineeGroups/MAT_Groups_Director.uasset" 118
"../../../Engine/Content/EditorMaterials/MatineeGroups/MAT_Groups_Event.uasset" 119
"../../../Engine/Content/EditorMaterials/MatineeGroups/MAT_Groups_Fade.uasset" 120
"../../../Engine/Content/EditorMaterials/MatineeGroups/MAT_Groups_Float.uasset" 121
"../../../Engine/Content/EditorMaterials/MatineeGroups/MAT_Groups_Move.uasset" 122
"../../../Engine/Content/EditorMaterials/MatineeGroups/MAT_Groups_Slomo.uasset" 123
"../../../Engine/Content/EditorMaterials/MatineeGroups/MAT_Groups_Sound.uasset" 124
"../../../Engine/Content/EditorMaterials/MatineeGroups/MAT_Groups_Vector.uasset" 125
"../../../Engine/Content/EditorMaterials/ParticleSystems/PSysThumbnail_NoImage.uasset" 126
"../../../Engine/Content/EditorMaterials/ParticleSystems/PSysThumbnail_OOD.uasset" 127
"../../../Engine/Content/EditorMaterials/Camera/CineMat.uasset" 128
"../../../Engine/Content/EditorMaterials/Camera/MI_CineMat_Rig.uasset" 129
"../../../Engine/Content/EditorMeshes/Camera/SM_CraneRig_Arm.uasset" 130
"../../../Engine/Content/EditorMeshes/Camera/SM_CraneRig_Base.uasset" 131
"../../../Engine/Content/EditorMeshes/Camera/SM_CraneRig_Body.uasset" 132
"../../../Engine/Content/EditorMeshes/Camera/SM_CraneRig_Mount.uasset" 133
"../../../Engine/Content/EditorMeshes/Camera/SM_RailRig_Mount.uasset" 134
"../../../Engine/Content/EditorMeshes/Camera/SM_RailRig_Track.uasset" 135
"../../../Engine/Content/EditorMeshes/ColorCalibrator/M_ChromeBall.uasset" 136
"../../../Engine/Content/EditorMeshes/ColorCalibrator/M_ClearCoat.uasset" 137
"../../../Engine/Content/EditorMeshes/ColorCalibrator/M_ClearCoatBlack.uasset" 138
"../../../Engine/Content/EditorMeshes/ColorCalibrator/Color_checker.uasset" 139
"../../../Engine/Content/EditorMeshes/ColorCalibrator/M_ColorGrid.uasset" 140
"../../../Engine/Content/EditorMeshes/ColorCalibrator/M_GreyBall.uasset" 141
"../../../Engine/Content/EditorMeshes/ColorCalibrator/SM_ColorCalibrator.uasset" 142
"../../../Engine/Content/EditorResources/BSPVertex.uasset" 143
"../../../Engine/Content/EditorResources/S_Actor.uasset" 144
"../../../Engine/Content/EditorResources/S_Trigger.uasset" 145
"../../../Engine/Content/EditorResources/SequenceRecorder/Countdown.uasset" 146
"../../../Engine/Content/EditorResources/SequenceRecorder/RecordingIndicator.uasset" 147
"../../../Engine/Content/EditorSounds/Notifications/CompileFailed.uasset" 148
"../../../Engine/Content/EditorSounds/Notifications/CompileFailed_Cue.uasset" 149
"../../../Engine/Content/EditorSounds/Notifications/CompileSuccess.uasset" 150
"../../../Engine/Content/EditorSounds/Notifications/CompileStart_Cue.uasset" 151
"../../../Engine/Content/EditorSounds/Notifications/CompileSuccess_Cue.uasset" 152
"../../../Engine/Content/EngineDamageTypes/DmgTypeBP_Environmental.uasset" 153
"../../../Engine/Content/EngineDebugMaterials/HeatmapGradient.uasset" 154
"../../../Engine/Content/EngineDebugMaterials/BoneWeightMaterial.uasset" 155
"../../../Engine/Content/EngineDebugMaterials/ClothMaterial.uasset" 156
"../../../Engine/Content/EngineDebugMaterials/ClothMaterial_WF.uasset" 157
"../../../Engine/Content/EngineDebugMaterials/DebugEditorMaterial.uasset" 158
"../../../Engine/Content/EngineDebugMaterials/DebugMeshMaterial.uasset" 159
"../../../Engine/Content/EngineDebugMaterials/GeomMaterial.uasset" 160
"../../../Engine/Content/EngineFonts/Faces/RobotoBold.uasset" 161
"../../../Engine/Content/EngineFonts/Faces/RobotoBoldItalic.uasset" 162
"../../../Engine/Content/EngineFonts/Faces/RobotoItalic.uasset" 163
"../../../Engine/Content/EngineFonts/Faces/RobotoLight.uasset" 164
"../../../Engine/Content/EngineFonts/Faces/RobotoRegular.uasset" 165
"../../../Engine/Content/EngineFonts/Roboto.uasset" 166
"../../../Engine/Content/EngineFonts/Faces/RobotoTiny.uasset" 167
"../../../Engine/Content/EngineFonts/RobotoTiny.uasset" 168
"../../../Engine/Content/EngineMaterials/DefaultBloomKernel.uasset" 169
"../../../Engine/Content/EngineMaterials/DefaultBokeh.uasset" 170
"../../../Engine/Content/EngineMaterials/DefaultDiffuse.uasset" 171
"../../../Engine/Content/EngineMaterials/DefaultDeferredDecalMaterial.uasset" 172
"../../../Engine/Content/EngineMaterials/DefaultLightFunctionMaterial.uasset" 173
"../../../Engine/Content/EngineMaterials/DefaultPhysicalMaterial.uasset" 174
"../../../Engine/Content/Functions/Engine_MaterialFunctions02/Utility/BreakOutFloat2Components.uasset" 175
"../../../Engine/Content/EngineMaterials/DefaultPostProcessMaterial.uasset" 176
"../../../Engine/Content/EngineFonts/RobotoDistanceField.uasset" 177
"../../../Engine/Content/EngineMaterials/DefaultTextMaterialOpaque.uasset" 178
"../../../Engine/Content/EngineMaterials/DefaultWhiteGrid.uasset" 179
"../../../Engine/Content/EngineMaterials/EditorBrushMaterial.uasset" 180
"../../../Engine/Content/EngineMaterials/Good64x64TilingNoiseHighFreq.uasset" 181
"../../../Engine/Content/EngineMaterials/MiniFont.uasset" 182
"../../../Engine/Content/EngineMaterials/InvalidLightmapSettings.uasset" 183
"../../../Engine/Content/EngineMaterials/M_InvalidLightmapSettings.uasset" 184
"../../../Engine/Content/Functions/Engine_MaterialFunctions02/WorldPositionOffset/CameraOffset.uasset" 185
"../../../Engine/Content/EngineMaterials/PhAT_JointLimitMaterial.uasset" 186
"../../../Engine/Content/EngineMaterials/PreintegratedSkinBRDF.uasset" 187
"../../../Engine/Content/EngineMaterials/RemoveSurfaceMaterial.uasset" 188
"../../../Engine/Content/EngineMaterials/WeightMapPlaceholderTexture.uasset" 189
"../../../Engine/Content/EngineResources/WhiteSquareTexture.uasset" 190
"../../../Engine/Content/EngineMaterials/Widget3DPassThrough.uasset" 191
"../../../Engine/Content/EngineMaterials/Widget3DPassThrough_Masked.uasset" 192
"../../../Engine/Content/EngineMaterials/Widget3DPassThrough_Opaque.uasset" 193
"../../../Engine/Content/EngineMaterials/Widget3DPassThrough_Masked_OneSided.uasset" 194
"../../../Engine/Content/EngineMaterials/Widget3DPassThrough_Opaque_OneSided.uasset" 195
"../../../Engine/Content/EngineMaterials/Widget3DPassThrough_Translucent.uasset" 196
"../../../Engine/Content/EngineMaterials/Widget3DPassThrough_Translucent_OneSided.uasset" 197
"../../../Engine/Content/EngineMeshes/Cube.uasset" 198
"../../../Engine/Content/EngineMeshes/Cylinder.uasset" 199
"../../../Engine/Content/EngineMeshes/Sphere.uasset" 200
"../../../Engine/Content/EngineResources/Black.uasset" 201
"../../../Engine/Content/EngineResources/DefaultTexture.uasset" 202
"../../../Engine/Content/EngineResources/DefaultTextureCube.uasset" 203
"../../../Engine/Content/EngineResources/GradientTexture0.uasset" 204
"../../../Engine/Content/EngineSounds/Master.uasset" 205
"../../../Engine/Content/Functions/Engine_MaterialFunctions01/Shading/ConvertFromDiffSpec.uasset" 206
"../../../Engine/Content/Functions/Engine_MaterialFunctions01/Shading/PowerToRoughness.uasset" 207
"../../../Engine/Content/Maps/Templates/Thumbnails/Default.uasset" 208
"../../../Engine/Content/Maps/Templates/Thumbnails/VR-Basic.uasset" 209
"../../../Engine/Content/MobileResources/T_MobileControls_texture.uasset" 210
"../../../Engine/Content/MobileResources/T_MobileMenu2.uasset" 211
"../../../Engine/Content/MobileResources/HUD/AnalogHat.uasset" 212
"../../../Engine/Content/MobileResources/HUD/VirtualJoystick_Background.uasset" 213
"../../../Engine/Content/MobileResources/HUD/VirtualJoystick_Thumb.uasset" 214
"../../../Engine/Content/MobileResources/HUD/DefaultVirtualJoysticks.uasset" 215
"../../../Engine/Content/MobileResources/HUD/LeftVirtualJoystickOnly.uasset" 216
"../../../Engine/Content/MobileResources/HUD/MobileHUDButton1_off.uasset" 217
"../../../Engine/Content/MobileResources/HUD/MobileHUDButton1_on.uasset" 218
"../../../Engine/Content/MobileResources/HUD/MobileHUDButton2_off.uasset" 219
"../../../Engine/Content/MobileResources/HUD/MobileHUDButton2_on.uasset" 220
"../../../Engine/Content/MobileResources/HUD/MobileHUDButton3.uasset" 221
"../../../Engine/Content/MobileResources/HUD/MobileHUDButtonFire.uasset" 222
"../../../Engine/Content/MobileResources/HUD/MobileHUDDirectionPad.uasset" 223
"../../../Engine/Content/MobileResources/HUD/MobileHUDDirectionPad2.uasset" 224
"../../../Engine/Content/MobileResources/HUD/MobileHUDDirectionPad3.uasset" 225
"../../../Engine/Content/MobileResources/HUD/MobileHUDDirectionStick.uasset" 226
"../../../Engine/Content/MobileResources/HUD/T_Castle_ThumbstickInner.uasset" 227
"../../../Engine/Content/MobileResources/HUD/T_Castle_ThumbstickOutter.uasset" 228
"../../../Engine/Content/Tutorial/ContentIntroCurve.uasset" 229
"../../../Engine/Content/Tutorial/Basics/TutorialAssets/icon_tab_Levels_40x.uasset" 230
"../../../Engine/Content/Tutorial/BlueprintTutorials/TutorialAssets/BlueprintInterface_64x.uasset" 231
"../../../Engine/Content/Tutorial/BlueprintTutorials/TutorialAssets/BlueprintMacroLibrary_64x.uasset" 232
"../../../Engine/Content/Tutorial/BlueprintTutorials/TutorialAssets/Blueprint_64x.uasset" 233
"../../../Engine/Content/Tutorial/BlueprintTutorials/TutorialAssets/Tutorial_BP_Interface.uasset" 234
"../../../Engine/Content/Tutorial/Foliage/TutorialAssets/Foliage.uasset" 235
"../../../Engine/Content/Tutorial/Landscape/TutorialAssets/Landscape.uasset" 236
"../../../Engine/Content/Tutorial/Paper2D/TutorialAssets/Paper2DFlipbook_TutorialIcon.uasset" 237
"../../../Engine/Content/Tutorial/Paper2D/TutorialAssets/Paper2DSprite_TutorialIcon.uasset" 238
"../../../Engine/Content/Tutorial/SubEditors/TutorialAssets/icon_Editor_Preferences_General_40x.uasset" 239
"../../../Engine/Content/Tutorial/SubEditors/TutorialAssets/icon_ShowSkeletalMeshes_40x.uasset" 240
"../../../Engine/Content/Tutorial/SubEditors/TutorialAssets/TutorialMaterial.uasset" 241
"../../../Engine/Content/Tutorial/SubEditors/TutorialAssets/T_SmokeSubUV_8X8.uasset" 242
"../../../Engine/Content/Tutorial/SubEditors/TutorialAssets/T_soft_smoke.uasset" 243
"../../../Engine/Content/Tutorial/SubEditors/TutorialAssets/M_smoke_subUV_blackbody.uasset" 244
"../../../Engine/Content/Tutorial/SubEditors/TutorialAssets/TutorialParticleSystem.uasset" 245
"../../../Engine/Content/VREditor/Devices/Generic/GenericHMDMaterial.uasset" 246
"../../../Engine/Content/VREditor/Devices/Generic/GenericHMD.uasset" 247
"../../../Engine/Content/Functions/Engine_MaterialFunctions02/Utility/BreakOutFloat3Components.uasset" 248
"../../../Engine/Content/VREditor/Devices/Vive/VivePreController_MasksB.uasset" 249
"../../../Engine/Content/VREditor/Devices/Oculus/OculusControllerMaterial.uasset" 250
"../../../Engine/Content/VREditor/Devices/Oculus/OculusControllerMaterial_Inst.uasset" 251
"../../../Engine/Content/VREditor/Devices/Oculus/OculusControllerMesh.uasset" 252
"../../../Engine/Content/VREditor/Devices/Vive/T_VivePreController_EM.uasset" 253
"../../../Engine/Content/VREditor/Devices/Vive/VivePreController_MasksA.uasset" 254
"../../../Engine/Content/VREditor/Devices/Vive/VivePreControllerDiffuse.uasset" 255
"../../../Engine/Content/VREditor/Devices/Vive/VivePreControllerSpec.uasset" 256
"../../../Engine/Content/VREditor/LaserPointer/VR_LaserPower_01.uasset" 257
"../../../Engine/Content/VREditor/Devices/Vive/VivePreControllerMaterial.uasset" 258
"../../../Engine/Content/VREditor/Devices/Vive/VivePreControllerMaterial_Inst.uasset" 259
"../../../Engine/Content/VREditor/Devices/Vive/VivePreControllerMesh.uasset" 260
"../../../Engine/Content/VREditor/FloatingText/LineMaterial.uasset" 261
"../../../Engine/Content/VREditor/FloatingText/JointSphere.uasset" 262
"../../../Engine/Content/VREditor/FloatingText/LineSegmentCylinder.uasset" 263
"../../../Engine/Content/VREditor/Fonts/VRText_RobotoLarge.uasset" 264
"../../../Engine/Content/VREditor/Fonts/VRTextMaterial.uasset" 265
"../../../Engine/Content/VREditor/Fonts/TranslucentVRTextMaterial.uasset" 266
"../../../Engine/Content/VREditor/LaserPointer/CursorPointer.uasset" 267
"../../../Engine/Content/VREditor/TransformGizmo/TransformGizmoMaterial.uasset" 268
"../../../Engine/Content/VREditor/LaserPointer/HoverMaterial.uasset" 269
"../../../Engine/Content/VREditor/TransformGizmo/TranslucentTransformGizmoMaterial.uasset" 270
"../../../Engine/Content/VREditor/LaserPointer/TranslucentHoverMaterial.uasset" 271
"../../../Engine/Content/VREditor/LaserPointer/HoverMesh.uasset" 272
"../../../Engine/Content/VREditor/LaserPointer/LaserPointerMaterial.uasset" 273
"../../../Engine/Content/VREditor/LaserPointer/LaserPointerMaterialInst.uasset" 274
"../../../Engine/Content/VREditor/LaserPointer/TranslucentLaserPointerMaterialInst.uasset" 275
"../../../Engine/Content/VREditor/LaserPointer/LaserPointerMesh.uasset" 276
"../../../Engine/Content/VREditor/LaserPointer/LaserPointerMesh_End.uasset" 277
"../../../Engine/Content/VREditor/LaserPointer/LaserPointerMesh_Start.uasset" 278
"../../../Engine/Content/VREditor/Sounds/VR_teleport.uasset" 279
"../../../Engine/Content/VREditor/Sounds/UI/Click_on_Button.uasset" 280
"../../../Engine/Content/VREditor/Sounds/UI/Click_on_Button_Cue.uasset" 281
"../../../Engine/Content/VREditor/Sounds/UI/Dockable_Window_Close.uasset" 282
"../../../Engine/Content/VREditor/Sounds/UI/Dockable_Window_Drop.uasset" 283
"../../../Engine/Content/VREditor/Sounds/UI/Dockable_Window_Open.uasset" 284
"../../../Engine/Content/VREditor/Sounds/UI/Dockable_Window_Pick_Up.uasset" 285
"../../../Engine/Content/VREditor/Sounds/UI/Drop_Item_From_ContentBrowser.uasset" 286
"../../../Engine/Content/VREditor/Sounds/UI/Floating_UI_Open-001.uasset" 287
"../../../Engine/Content/VREditor/Sounds/UI/Radial_Menu_FadeOut.uasset" 288
"../../../Engine/Content/VREditor/Sounds/UI/Teleport_Mode_Entered.uasset" 289
"../../../Engine/Content/VREditor/Teleport/TeleportDirectionMaterial.uasset" 290
"../../../Engine/Content/VREditor/Teleport/TeleportDirectionMaterial_Inst.uasset" 291
"../../../Engine/Content/VREditor/Teleport/TeleportDirectionMesh.uasset" 292
"../../../Engine/Content/VREditor/TransformGizmo/BoundingBoxCorner.uasset" 293
"../../../Engine/Content/VREditor/TransformGizmo/BoundingBoxEdge.uasset" 294
"../../../Engine/Content/VREditor/TransformGizmo/PlaneTranslationHandle.uasset" 295
"../../../Engine/Content/VREditor/TransformGizmo/Main.uasset" 296
"../../../Engine/Content/VREditor/TransformGizmo/Xray.uasset" 297
"../../../Engine/Content/VREditor/TransformGizmo/SM_Dialog_Close.uasset" 298
"../../../Engine/Content/VREditor/TransformGizmo/SM_Dialog_Move.uasset" 299
"../../../Engine/Content/VREditor/TransformGizmo/SM_Sequencer_Key.uasset" 300
"../../../Engine/Content/VREditor/TransformGizmo/SM_Sequencer_Node.uasset" 301
"../../../Engine/Content/VREditor/TransformGizmo/TransformGizmoMaterial_Inst.uasset" 302
"../../../Engine/Content/VREditor/TransformGizmo/TranslucentTransformGizmoMaterial_Inst.uasset" 303
"../../../Engine/Content/VREditor/Devices/Vive/UE4_Logo.uasset" 304
"../../../Engine/Content/VREditor/UI/M_ContentWindow.uasset" 305
"../../../Engine/Content/VREditor/UI/SM_ContentWindow_01.uasset" 306
"../../../Engine/Content/VREditor/UI/KeyDiskMaterial.uasset" 307
"../../../Engine/Content/VREditor/UI/DiscMaterial.uasset" 308
"../../../Engine/Content/VREditor/UI/SM_Radial_Disk.uasset" 309
"../../../Engine/Content/VREditor/UI/ArrowMaterial.uasset" 310
"../../../Engine/Content/VREditor/UI/SM_Radial_Pointer.uasset" 311
"../../../Engine/Content/Functions/Engine_MaterialFunctions01/Gradient/RadialGradient.uasset" 312
"../../../Engine/Content/VREditor/WorldMovementGrid/SimpleGrid.uasset" 313
"../../../Engine/Content/VREditor/WorldMovementGrid/GridMaterial.uasset" 314
"../../../Engine/Content/Functions/Engine_MaterialFunctions01/Density/ExponentialDensity.uasset" 315
"../../../Engine/Content/VREditor/WorldMovementGrid/GridPostProcess.uasset" 316
"../../../Engine/Content/EditorLandscapeResources/FlattenHeightMat.uasset" 317
"../../../Engine/Content/VREditor/WorldMovementGrid/PlaneMesh.uasset" 318
"../../Plugins/2D/Paper2D/Content/PlaceholderTextures/DummySpriteTexture.uasset" 319
"../../Plugins/2D/Paper2D/Content/DummySprite.uasset" 320
"../../Plugins/2D/Paper2D/Content/DefaultPaperTerrainMaterial.uasset" 321
"../../Plugins/2D/Paper2D/Content/MaskedUnlitSpriteMaterial.uasset" 322
"../../Plugins/Media/MediaCompositing/Content/DefaultMediaPlaneTexture.uasset" 323
"../../Plugins/Media/MediaCompositing/Content/DefaultMediaPlaneMaterial.uasset" 324
"../../../Engine/Content/Functions/Engine_MaterialFunctions02/Utility/MakeFloat4.uasset" 325
"../../Plugins/Runtime/AppleARKit/Content/ARKitCameraMaterial.uasset" 326
"../../Plugins/Runtime/Oculus/OculusVR/Content/Textures/GearVRController_AO.uasset" 327
"../../Plugins/Runtime/Oculus/OculusVR/Content/Textures/GearVRController_Color.uasset" 328
"../../Plugins/Runtime/Oculus/OculusVR/Content/Textures/GearVRController_Normal.uasset" 329
"../../Plugins/Runtime/Oculus/OculusVR/Content/Materials/GearVRControllerMaterial.uasset" 330
"../../Plugins/Runtime/Oculus/OculusVR/Content/Meshes/GearVrController.uasset" 331
"../../../../../Unreal_Projects/MySideScroller/Content/MySideScroller/Sounds/gameover.uasset" 332
"../../../../../Unreal_Projects/MySideScroller/Content/UI/GameOver.uasset" 333
"../../../../../Unreal_Projects/MySideScroller/Content/Levels/GameOver.umap" 334
"../../../../../Unreal_Projects/MySideScroller/Content/MySideScroller/Sprites/Items/knife.uasset" 335
"../../../../../Unreal_Projects/MySideScroller/Content/MySideScroller/Sprites/Items/knife_Sprite_0.uasset" 336
"../../../../../Unreal_Projects/MySideScroller/Content/MySideScroller/Blueprint/BP_Shot.uasset" 337
"../../../../../Unreal_Projects/MySideScroller/Content/MySideScroller/Sprites/Enemy/Boxer/BoxerIMG.uasset" 338
"../../../../../Unreal_Projects/MySideScroller/Content/MySideScroller/Sprites/Enemy/Boxer/BoxerIMG_Sprite_0.uasset" 339
"../../../../../Unreal_Projects/MySideScroller/Content/UI/Widget_ENEMY_BOXER.uasset" 340
"../../../../../Unreal_Projects/MySideScroller/Content/MySideScroller/Blueprint/Enemies/AI_Boxer_MovingSet.uasset" 341
"../../../../../Unreal_Projects/MySideScroller/Content/MySideScroller/Sounds/BoxerVoice.uasset" 342
"../../../../../Unreal_Projects/MySideScroller/Content/MySideScroller/Sounds/EnemyDead.uasset" 343
"../../../../../Unreal_Projects/MySideScroller/Content/MySideScroller/Sounds/EnemyGetHit.uasset" 344
"../../../../../Unreal_Projects/MySideScroller/Content/MySideScroller/Sounds/kick.uasset" 345
"../../../../../Unreal_Projects/MySideScroller/Content/MySideScroller/Sprites/Enemy/Boxer/Boxer.uasset" 346
"../../../../../Unreal_Projects/MySideScroller/Content/MySideScroller/Sprites/Enemy/Boxer/Boxer_Sprite_8.uasset" 347
"../../../../../Unreal_Projects/MySideScroller/Content/MySideScroller/Sprites/Enemy/Boxer/Boxer_Sprite_9.uasset" 348
"../../../../../Unreal_Projects/MySideScroller/Content/MySideScroller/Sprites/Enemy/Boxer/A_BOXER_APPER.uasset" 349
"../../../../../Unreal_Projects/MySideScroller/Content/MySideScroller/Sprites/Enemy/Boxer/Boxer_Sprite_6.uasset" 350
"../../../../../Unreal_Projects/MySideScroller/Content/MySideScroller/Sprites/Enemy/Boxer/A_BOXER_COMPLETEDEAD.uasset" 351
"../../../../../Unreal_Projects/MySideScroller/Content/MySideScroller/Sprites/Enemy/Boxer/Boxer_Sprite_4.uasset" 352
"../../../../../Unreal_Projects/MySideScroller/Content/MySideScroller/Sprites/Enemy/Boxer/Boxer_Sprite_5.uasset" 353
"../../../../../Unreal_Projects/MySideScroller/Content/MySideScroller/Sprites/Enemy/Boxer/A_BOXER_DEAD.uasset" 354
"../../../../../Unreal_Projects/MySideScroller/Content/MySideScroller/Sprites/Enemy/Boxer/Boxer_Sprite_10.uasset" 355
"../../../../../Unreal_Projects/MySideScroller/Content/MySideScroller/Sprites/Enemy/Boxer/Boxer_Sprite_11.uasset" 356
"../../../../../Unreal_Projects/MySideScroller/Content/MySideScroller/Sprites/Enemy/Boxer/A_BOXER_FIST.uasset" 357
"../../../../../Unreal_Projects/MySideScroller/Content/MySideScroller/Sprites/Enemy/Boxer/Boxer_Sprite_3.uasset" 358
"../../../../../Unreal_Projects/MySideScroller/Content/MySideScroller/Sprites/Enemy/Boxer/A_BOXER_GETSHIT.uasset" 359
"../../../../../Unreal_Projects/MySideScroller/Content/MySideScroller/Sprites/Enemy/Boxer/Boxer_Sprite_1.uasset" 360
"../../../../../Unreal_Projects/MySideScroller/Content/MySideScroller/Sprites/Enemy/Boxer/A_BOXER_STANCE.uasset" 361
"../../../../../Unreal_Projects/MySideScroller/Content/MySideScroller/Sprites/Enemy/Boxer/Boxer_Sprite_0.uasset" 362
"../../../../../Unreal_Projects/MySideScroller/Content/MySideScroller/Sprites/Enemy/Boxer/Boxer_Sprite_2.uasset" 363
"../../../../../Unreal_Projects/MySideScroller/Content/MySideScroller/Sprites/Enemy/Boxer/A_BOXER_WALK.uasset" 364
"../../../../../Unreal_Projects/MySideScroller/Content/MySideScroller/Sprites/Enemy/Boxer/Boxer_Sprite_7.uasset" 365
"../../../../../Unreal_Projects/MySideScroller/Content/MySideScroller/Sprites/Enemy/Boxer/A_BOXERARMHIT.uasset" 366
"../../../../../Unreal_Projects/MySideScroller/Content/MySideScroller/Sprites/Enemy/Boxer/A_BOXERGETSHIT2.uasset" 367
"../../../../../Unreal_Projects/MySideScroller/Content/MySideScroller/Sprites/Character/AxelIMG.uasset" 368
"../../../../../Unreal_Projects/MySideScroller/Content/MySideScroller/Sprites/Character/AxelIMG_Sprite_0.uasset" 369
"../../../../../Unreal_Projects/MySideScroller/Content/UI/Widget_HUD.uasset" 370
"../../../../../Unreal_Projects/MySideScroller/Content/MySideScroller/Blueprint/Enemies/AI_Boxer.uasset" 371
"../../../../../Unreal_Projects/MySideScroller/Content/MySideScroller/Sprites/Enemy/JeansGuy/jeansGuyImg.uasset" 372
"../../../../../Unreal_Projects/MySideScroller/Content/MySideScroller/Sprites/Enemy/JeansGuy/jeansGuyImg_Sprite_0.uasset" 373
"../../../../../Unreal_Projects/MySideScroller/Content/UI/Widget_ENEMY_BJG.uasset" 374
"../../../../../Unreal_Projects/MySideScroller/Content/MySideScroller/Blueprint/Enemies/AI_JeansGuy_MovingSet.uasset" 375
"../../../../../Unreal_Projects/MySideScroller/Content/MySideScroller/Sounds/JGVoice.uasset" 376
"../../../../../Unreal_Projects/MySideScroller/Content/MySideScroller/Sprites/Enemy/JeansGuy/jeansGuy.uasset" 377
"../../../../../Unreal_Projects/MySideScroller/Content/MySideScroller/Sprites/Enemy/JeansGuy/jeansGuy_Sprite_0.uasset" 378
"../../../../../Unreal_Projects/MySideScroller/Content/MySideScroller/Sprites/Enemy/JeansGuy/A_GETHITBACK1.uasset" 379
"../../../../../Unreal_Projects/MySideScroller/Content/MySideScroller/Sprites/Enemy/JeansGuy/jeansGuy_Sprite_1.uasset" 380
"../../../../../Unreal_Projects/MySideScroller/Content/MySideScroller/Sprites/Enemy/JeansGuy/A_GETHITBACK2.uasset" 381
"../../../../../Unreal_Projects/MySideScroller/Content/MySideScroller/Sprites/Enemy/JeansGuy/jeansGuy_Sprite_4.uasset" 382
"../../../../../Unreal_Projects/MySideScroller/Content/MySideScroller/Sprites/Enemy/JeansGuy/A_JEANSGUYARMHIT.uasset" 383
"../../../../../Unreal_Projects/MySideScroller/Content/MySideScroller/Sprites/Enemy/JeansGuy/enemies.uasset" 384
"../../../../../Unreal_Projects/MySideScroller/Content/MySideScroller/Sprites/Enemy/JeansGuy/enemies_Sprite_1.uasset" 385
"../../../../../Unreal_Projects/MySideScroller/Content/MySideScroller/Sprites/Enemy/JeansGuy/A_JEANSGUYSTANCE.uasset" 386
"../../../../../Unreal_Projects/MySideScroller/Content/MySideScroller/Sprites/Enemy/JeansGuy/enemies_Sprite_0.uasset" 387
"../../../../../Unreal_Projects/MySideScroller/Content/MySideScroller/Sprites/Enemy/JeansGuy/enemies_Sprite_2.uasset" 388
"../../../../../Unreal_Projects/MySideScroller/Content/MySideScroller/Sprites/Enemy/JeansGuy/A_JEANSGUYWALK.uasset" 389
"../../../../../Unreal_Projects/MySideScroller/Content/MySideScroller/Sprites/Enemy/JeansGuy/jeansGuy_Sprite_3.uasset" 390
"../../../../../Unreal_Projects/MySideScroller/Content/MySideScroller/Sprites/Enemy/JeansGuy/A_JGCOMPLETEDEAD.uasset" 391
"../../../../../Unreal_Projects/MySideScroller/Content/MySideScroller/Sprites/Enemy/JeansGuy/jeansGuy_Sprite_2.uasset" 392
"../../../../../Unreal_Projects/MySideScroller/Content/MySideScroller/Sprites/Enemy/JeansGuy/A_JGDEAD.uasset" 393
"../../../../../Unreal_Projects/MySideScroller/Content/MySideScroller/Blueprint/Enemies/AI_JeansGuy.uasset" 394
"../../../../../Unreal_Projects/MySideScroller/Content/MySideScroller/Sprites/Enemy/PunkGuy/PunkGuyImg.uasset" 395
"../../../../../Unreal_Projects/MySideScroller/Content/MySideScroller/Sprites/Enemy/PunkGuy/PunkGuyImg_Sprite_0.uasset" 396
"../../../../../Unreal_Projects/MySideScroller/Content/UI/Widget_ENEMY_PUNK.uasset" 397
"../../../../../Unreal_Projects/MySideScroller/Content/MySideScroller/Blueprint/Enemies/AI_PUNKGUY_MovingSet.uasset" 398
"../../../../../Unreal_Projects/MySideScroller/Content/MySideScroller/Sounds/PG_ATACK.uasset" 399
"../../../../../Unreal_Projects/MySideScroller/Content/MySideScroller/Sounds/PunkDead.uasset" 400
"../../../../../Unreal_Projects/MySideScroller/Content/MySideScroller/Sounds/PunkVoice.uasset" 401
"../../../../../Unreal_Projects/MySideScroller/Content/MySideScroller/Sprites/Enemy/PunkGuy/PGDead.uasset" 402
"../../../../../Unreal_Projects/MySideScroller/Content/MySideScroller/Sprites/Enemy/PunkGuy/PGDead_Sprite_3.uasset" 403
"../../../../../Unreal_Projects/MySideScroller/Content/MySideScroller/Sprites/Enemy/PunkGuy/A_PG_COMPLETEDEAD.uasset" 404
"../../../../../Unreal_Projects/MySideScroller/Content/MySideScroller/Sprites/Enemy/PunkGuy/PGDead_Sprite_1.uasset" 405
"../../../../../Unreal_Projects/MySideScroller/Content/MySideScroller/Sprites/Enemy/PunkGuy/PGDead_Sprite_2.uasset" 406
"../../../../../Unreal_Projects/MySideScroller/Content/MySideScroller/Sprites/Enemy/PunkGuy/A_PG_DEAD.uasset" 407
"../../../../../Unreal_Projects/MySideScroller/Content/MySideScroller/Sprites/Enemy/PunkGuy/PGDead_Sprite_0.uasset" 408
"../../../../../Unreal_Projects/MySideScroller/Content/MySideScroller/Sprites/Enemy/PunkGuy/A_PG_GETHIT1.uasset" 409
"../../../../../Unreal_Projects/MySideScroller/Content/MySideScroller/Sprites/Enemy/PunkGuy/A_PG_GETHIT2.uasset" 410
"../../../../../Unreal_Projects/MySideScroller/Content/MySideScroller/Sprites/Enemy/PunkGuy/PGHit.uasset" 411
"../../../../../Unreal_Projects/MySideScroller/Content/MySideScroller/Sprites/Enemy/PunkGuy/PGHit_Sprite_0.uasset" 412
"../../../../../Unreal_Projects/MySideScroller/Content/MySideScroller/Sprites/Enemy/PunkGuy/A_PG_HIT.uasset" 413
"../../../../../Unreal_Projects/MySideScroller/Content/MySideScroller/Sprites/Enemy/PunkGuy/enemy_01.uasset" 414
"../../../../../Unreal_Projects/MySideScroller/Content/MySideScroller/Sprites/Enemy/PunkGuy/enemy_01_Sprite_2.uasset" 415
"../../../../../Unreal_Projects/MySideScroller/Content/MySideScroller/Sprites/Enemy/PunkGuy/A_PG_STANCE.uasset" 416
"../../../../../Unreal_Projects/MySideScroller/Content/MySideScroller/Sprites/Enemy/PunkGuy/enemy_01_Sprite_0.uasset" 417
"../../../../../Unreal_Projects/MySideScroller/Content/MySideScroller/Sprites/Enemy/PunkGuy/enemy_01_Sprite_1.uasset" 418
"../../../../../Unreal_Projects/MySideScroller/Content/MySideScroller/Sprites/Enemy/PunkGuy/A_PG_WALK.uasset" 419
"../../../../../Unreal_Projects/MySideScroller/Content/MySideScroller/Blueprint/Enemies/AI_PunkGuy.uasset" 420
"../../../../../Unreal_Projects/MySideScroller/Content/MySideScroller/Blueprint/Character_States.uasset" 421
"../../../../../Unreal_Projects/MySideScroller/Content/MySideScroller/Sounds/dead.uasset" 422
"../../../../../Unreal_Projects/MySideScroller/Content/MySideScroller/Sounds/intheFace.uasset" 423
"../../../../../Unreal_Projects/MySideScroller/Content/MySideScroller/Sounds/lifeUp.uasset" 424
"../../../../../Unreal_Projects/MySideScroller/Content/MySideScroller/Sprites/Character/AxelAfterDead.uasset" 425
"../../../../../Unreal_Projects/MySideScroller/Content/MySideScroller/Sprites/Character/AxelAfterDead_Sprite_0.uasset" 426
"../../../../../Unreal_Projects/MySideScroller/Content/MySideScroller/Sprites/Character/AxelAfterDead_Sprite_1.uasset" 427
"../../../../../Unreal_Projects/MySideScroller/Content/MySideScroller/Sprites/Character/AxelAfterDead_Sprite_2.uasset" 428
"../../../../../Unreal_Projects/MySideScroller/Content/MySideScroller/Sprites/Character/A_AFTERDEAD.uasset" 429
"../../../../../Unreal_Projects/MySideScroller/Content/MySideScroller/Sprites/Character/Axel_Dead.uasset" 430
"../../../../../Unreal_Projects/MySideScroller/Content/MySideScroller/Sprites/Character/Axel_Dead_Sprite_2.uasset" 431
"../../../../../Unreal_Projects/MySideScroller/Content/MySideScroller/Sprites/Character/A_COMPLITEDEAD.uasset" 432
"../../../../../Unreal_Projects/MySideScroller/Content/MySideScroller/Sprites/Character/Axel_Dead_Sprite_0.uasset" 433
"../../../../../Unreal_Projects/MySideScroller/Content/MySideScroller/Sprites/Character/Axel_Dead_Sprite_1.uasset" 434
"../../../../../Unreal_Projects/MySideScroller/Content/MySideScroller/Sprites/Character/A_Dead.uasset" 435
"../../../../../Unreal_Projects/MySideScroller/Content/MySideScroller/Sprites/Character/hit.uasset" 436
"../../../../../Unreal_Projects/MySideScroller/Content/MySideScroller/Sprites/Character/hit_Sprite_0.uasset" 437
"../../../../../Unreal_Projects/MySideScroller/Content/MySideScroller/Sprites/Character/A_HIT.uasset" 438
"../../../../../Unreal_Projects/MySideScroller/Content/MySideScroller/Sprites/Character/Axel_Jump.uasset" 439
"../../../../../Unreal_Projects/MySideScroller/Content/MySideScroller/Sprites/Character/Axel_Jump_Sprite_1.uasset" 440
"../../../../../Unreal_Projects/MySideScroller/Content/MySideScroller/Sprites/Character/Axel_Jump_Sprite_2.uasset" 441
"../../../../../Unreal_Projects/MySideScroller/Content/MySideScroller/Sprites/Character/A_Jump.uasset" 442
"../../../../../Unreal_Projects/MySideScroller/Content/MySideScroller/Sprites/Character/Axel_Sprite_10.uasset" 443
"../../../../../Unreal_Projects/MySideScroller/Content/MySideScroller/Sprites/Character/Axel_Sprite_12.uasset" 444
"../../../../../Unreal_Projects/MySideScroller/Content/MySideScroller/Sprites/Character/A_Kick.uasset" 445
"../../../../../Unreal_Projects/MySideScroller/Content/MySideScroller/Sprites/Character/A_OneArmHit.uasset" 446
"../../../../../Unreal_Projects/MySideScroller/Content/MySideScroller/Sprites/Character/over_shoulder.uasset" 447
"../../../../../Unreal_Projects/MySideScroller/Content/MySideScroller/Sprites/Character/over_shoulder_Sprite_0.uasset" 448
"../../../../../Unreal_Projects/MySideScroller/Content/MySideScroller/Sprites/Character/over_shoulder_Sprite_1.uasset" 449
"../../../../../Unreal_Projects/MySideScroller/Content/MySideScroller/Sprites/Character/over_shoulder_Sprite_2.uasset" 450
"../../../../../Unreal_Projects/MySideScroller/Content/MySideScroller/Sprites/Character/A_OVERSHOULDER.uasset" 451
"../../../../../Unreal_Projects/MySideScroller/Content/MySideScroller/Sprites/Character/Axel_Sprite_17.uasset" 452
"../../../../../Unreal_Projects/MySideScroller/Content/MySideScroller/Sprites/Character/Axel_Sprite_18.uasset" 453
"../../../../../Unreal_Projects/MySideScroller/Content/MySideScroller/Sprites/Character/Axel_Sprite_19.uasset" 454
"../../../../../Unreal_Projects/MySideScroller/Content/MySideScroller/Sprites/Character/Axel_Sprite_20.uasset" 455
"../../../../../Unreal_Projects/MySideScroller/Content/MySideScroller/Sprites/Character/Axel_Sprite_21.uasset" 456
"../../../../../Unreal_Projects/MySideScroller/Content/MySideScroller/Sprites/Character/Axel_Sprite_22.uasset" 457
"../../../../../Unreal_Projects/MySideScroller/Content/MySideScroller/Sprites/Character/A_Run.uasset" 458
"../../../../../Unreal_Projects/MySideScroller/Content/MySideScroller/Sprites/Character/Axel_Jump_Sprite_0.uasset" 459
"../../../../../Unreal_Projects/MySideScroller/Content/MySideScroller/Sprites/Character/A_Sitting.uasset" 460
"../../../../../Unreal_Projects/MySideScroller/Content/MySideScroller/Sprites/Character/Axel_Sprite_5.uasset" 461
"../../../../../Unreal_Projects/MySideScroller/Content/MySideScroller/Sprites/Character/Axel_Sprite_6.uasset" 462
"../../../../../Unreal_Projects/MySideScroller/Content/MySideScroller/Sprites/Character/Axel_Sprite_7.uasset" 463
"../../../../../Unreal_Projects/MySideScroller/Content/MySideScroller/Sprites/Character/Axel_Sprite_8.uasset" 464
"../../../../../Unreal_Projects/MySideScroller/Content/MySideScroller/Sprites/Character/A_Stance.uasset" 465
"../../../../../Unreal_Projects/MySideScroller/Content/MySideScroller/Sprites/Character/throw.uasset" 466
"../../../../../Unreal_Projects/MySideScroller/Content/MySideScroller/Sprites/Character/throw_Sprite_0.uasset" 467
"../../../../../Unreal_Projects/MySideScroller/Content/MySideScroller/Sprites/Character/A_Throw.uasset" 468
"../../../../../Unreal_Projects/MySideScroller/Content/MySideScroller/Sprites/Character/Axel_Sprite_0.uasset" 469
"../../../../../Unreal_Projects/MySideScroller/Content/MySideScroller/Sprites/Character/Axel_Sprite_1.uasset" 470
"../../../../../Unreal_Projects/MySideScroller/Content/MySideScroller/Sprites/Character/Axel_Sprite_2.uasset" 471
"../../../../../Unreal_Projects/MySideScroller/Content/MySideScroller/Sprites/Character/Axel_Sprite_3.uasset" 472
"../../../../../Unreal_Projects/MySideScroller/Content/MySideScroller/Sprites/Character/Axel_Sprite_4.uasset" 473
"../../../../../Unreal_Projects/MySideScroller/Content/MySideScroller/Sprites/Character/A_Walk.uasset" 474
"../../../../../Unreal_Projects/MySideScroller/Content/MySideScroller/Sprites/Character/Super/Axel_Super_Sprite_20.uasset" 475
"../../../../../Unreal_Projects/MySideScroller/Content/MySideScroller/Sprites/Character/Super/Axel_Super_Sprite_21.uasset" 476
"../../../../../Unreal_Projects/MySideScroller/Content/MySideScroller/Sprites/Character/Super/Axel_Super_Sprite_22.uasset" 477
"../../../../../Unreal_Projects/MySideScroller/Content/MySideScroller/Sprites/Character/Super/Axel_Super_Sprite_23.uasset" 478
"../../../../../Unreal_Projects/MySideScroller/Content/MySideScroller/Sprites/Character/Super/Axel_Super_Sprite_24.uasset" 479
"../../../../../Unreal_Projects/MySideScroller/Content/MySideScroller/Sprites/Character/Super/Axel_Super_Sprite_25.uasset" 480
"../../../../../Unreal_Projects/MySideScroller/Content/MySideScroller/Sprites/Character/Super/Axel_Super_Sprite_26.uasset" 481
"../../../../../Unreal_Projects/MySideScroller/Content/MySideScroller/Sprites/Character/Super/A_AP1.uasset" 482
"../../../../../Unreal_Projects/MySideScroller/Content/MySideScroller/Sprites/Character/Super/Axel_Super_Sprite_30.uasset" 483
"../../../../../Unreal_Projects/MySideScroller/Content/MySideScroller/Sprites/Character/Super/Axel_Super_Sprite_31.uasset" 484
"../../../../../Unreal_Projects/MySideScroller/Content/MySideScroller/Sprites/Character/Super/Axel_Super_Sprite_32.uasset" 485
"../../../../../Unreal_Projects/MySideScroller/Content/MySideScroller/Sprites/Character/Super/Axel_Super_Sprite_33.uasset" 486
"../../../../../Unreal_Projects/MySideScroller/Content/MySideScroller/Sprites/Character/Super/Axel_Super_Sprite_34.uasset" 487
"../../../../../Unreal_Projects/MySideScroller/Content/MySideScroller/Sprites/Character/Super/Axel_Super_Sprite_35.uasset" 488
"../../../../../Unreal_Projects/MySideScroller/Content/MySideScroller/Sprites/Character/Super/Axel_Super_Sprite_36.uasset" 489
"../../../../../Unreal_Projects/MySideScroller/Content/MySideScroller/Sprites/Character/Super/Axel_Super_Sprite_37.uasset" 490
"../../../../../Unreal_Projects/MySideScroller/Content/MySideScroller/Sprites/Character/Super/A_AP2.uasset" 491
"../../../../../Unreal_Projects/MySideScroller/Content/MySideScroller/Sprites/Character/Super/Axel_Super_Sprite_40.uasset" 492
"../../../../../Unreal_Projects/MySideScroller/Content/MySideScroller/Sprites/Character/Super/Axel_Super_Sprite_41.uasset" 493
"../../../../../Unreal_Projects/MySideScroller/Content/MySideScroller/Sprites/Character/Super/Axel_Super_Sprite_42.uasset" 494
"../../../../../Unreal_Projects/MySideScroller/Content/MySideScroller/Sprites/Character/Super/Axel_Super_Sprite_43.uasset" 495
"../../../../../Unreal_Projects/MySideScroller/Content/MySideScroller/Sprites/Character/Super/Axel_Super_Sprite_44.uasset" 496
"../../../../../Unreal_Projects/MySideScroller/Content/MySideScroller/Sprites/Character/Super/Axel_Super_Sprite_45.uasset" 497
"../../../../../Unreal_Projects/MySideScroller/Content/MySideScroller/Sprites/Character/Super/Axel_Super_Sprite_46.uasset" 498
"../../../../../Unreal_Projects/MySideScroller/Content/MySideScroller/Sprites/Character/Super/Axel_Super_Sprite_47.uasset" 499
"../../../../../Unreal_Projects/MySideScroller/Content/MySideScroller/Sprites/Character/Super/Axel_Super_Sprite_48.uasset" 500
"../../../../../Unreal_Projects/MySideScroller/Content/MySideScroller/Sprites/Character/Super/Axel_Super_Sprite_49.uasset" 501
"../../../../../Unreal_Projects/MySideScroller/Content/MySideScroller/Sprites/Character/Super/A_AP3.uasset" 502
"../../../../../Unreal_Projects/MySideScroller/Content/MySideScroller/Sprites/Character/Super/Axel_Super_Sprite_10.uasset" 503
"../../../../../Unreal_Projects/MySideScroller/Content/MySideScroller/Sprites/Character/Super/Axel_Super_Sprite_11.uasset" 504
"../../../../../Unreal_Projects/MySideScroller/Content/MySideScroller/Sprites/Character/Super/Axel_Super_Sprite_12.uasset" 505
"../../../../../Unreal_Projects/MySideScroller/Content/MySideScroller/Sprites/Character/Super/Axel_Super_Sprite_13.uasset" 506
"../../../../../Unreal_Projects/MySideScroller/Content/MySideScroller/Sprites/Character/Super/Axel_Super_Sprite_14.uasset" 507
"../../../../../Unreal_Projects/MySideScroller/Content/MySideScroller/Sprites/Character/Super/Axel_Super_Sprite_15.uasset" 508
"../../../../../Unreal_Projects/MySideScroller/Content/MySideScroller/Sprites/Character/Super/Axel_Super_Sprite_16.uasset" 509
"../../../../../Unreal_Projects/MySideScroller/Content/MySideScroller/Sprites/Character/Super/A_SUPERARM.uasset" 510
"../../../../../Unreal_Projects/MySideScroller/Content/MySideScroller/Sprites/Character/Super/Axel_Super_Sprite_0.uasset" 511
"../../../../../Unreal_Projects/MySideScroller/Content/MySideScroller/Sprites/Character/Super/Axel_Super_Sprite_1.uasset" 512
"../../../../../Unreal_Projects/MySideScroller/Content/MySideScroller/Sprites/Character/Super/A_SUPERKICK1.uasset" 513
"../../../../../Unreal_Projects/MySideScroller/Content/MySideScroller/Sprites/Character/Super/Axel_Super_Sprite_2.uasset" 514
"../../../../../Unreal_Projects/MySideScroller/Content/MySideScroller/Sprites/Character/Super/Axel_Super_Sprite_3.uasset" 515
"../../../../../Unreal_Projects/MySideScroller/Content/MySideScroller/Sprites/Character/Super/Axel_Super_Sprite_4.uasset" 516
"../../../../../Unreal_Projects/MySideScroller/Content/MySideScroller/Sprites/Character/Super/A_SUPERKICK2.uasset" 517
"../../../../../Unreal_Projects/MySideScroller/Content/MySideScroller/Blueprint/BP_Axel.uasset" 518
"../../../../../Unreal_Projects/MySideScroller/Content/MySideScroller/Sprites/Enemy/Boss/BossImg.uasset" 519
"../../../../../Unreal_Projects/MySideScroller/Content/MySideScroller/Sprites/Enemy/Boss/BossImg_Sprite_0.uasset" 520
"../../../../../Unreal_Projects/MySideScroller/Content/UI/Widget_ENEMY_BOSS.uasset" 521
"../../../../../Unreal_Projects/MySideScroller/Content/MySideScroller/Blueprint/Enemies/AI_Boss_Movingset.uasset" 522
"../../../../../Unreal_Projects/MySideScroller/Content/MySideScroller/Sounds/BossDead.uasset" 523
"../../../../../Unreal_Projects/MySideScroller/Content/MySideScroller/Sounds/BossVoise.uasset" 524
"../../../../../Unreal_Projects/MySideScroller/Content/MySideScroller/Sprites/Enemy/Boss/Boss_Sprite_15.uasset" 525
"../../../../../Unreal_Projects/MySideScroller/Content/MySideScroller/Sprites/Enemy/Boss/A_BOSS_ARMHIT.uasset" 526
"../../../../../Unreal_Projects/MySideScroller/Content/MySideScroller/Sprites/Enemy/Boss/Boss_Sprite_10.uasset" 527
"../../../../../Unreal_Projects/MySideScroller/Content/MySideScroller/Sprites/Enemy/Boss/Boss_Sprite_9.uasset" 528
"../../../../../Unreal_Projects/MySideScroller/Content/MySideScroller/Sprites/Enemy/Boss/A_BOSS_DEAD.uasset" 529
"../../../../../Unreal_Projects/MySideScroller/Content/MySideScroller/Sprites/Enemy/Boss/Boss_Sprite_8.uasset" 530
"../../../../../Unreal_Projects/MySideScroller/Content/MySideScroller/Sprites/Enemy/Boss/A_BOSS_GETHIT1.uasset" 531
"../../../../../Unreal_Projects/MySideScroller/Content/MySideScroller/Sprites/Enemy/Boss/A_BOSS_GETHIT2.uasset" 532
"../../../../../Unreal_Projects/MySideScroller/Content/MySideScroller/Sprites/Enemy/Boss/Boss_Sprite_18.uasset" 533
"../../../../../Unreal_Projects/MySideScroller/Content/MySideScroller/Sprites/Enemy/Boss/Boss_Sprite_19.uasset" 534
"../../../../../Unreal_Projects/MySideScroller/Content/MySideScroller/Sprites/Enemy/Boss/A_BOSS_GETSKNIFE.uasset" 535
"../../../../../Unreal_Projects/MySideScroller/Content/MySideScroller/Sprites/Enemy/Boss/BossKnifeAttack.uasset" 536
"../../../../../Unreal_Projects/MySideScroller/Content/MySideScroller/Sprites/Enemy/Boss/BossKnifeAttack_Sprite_0.uasset" 537
"../../../../../Unreal_Projects/MySideScroller/Content/MySideScroller/Sprites/Enemy/Boss/BossKnifeAttack_Sprite_1.uasset" 538
"../../../../../Unreal_Projects/MySideScroller/Content/MySideScroller/Sprites/Enemy/Boss/BossKnifeAttack_Sprite_2.uasset" 539
"../../../../../Unreal_Projects/MySideScroller/Content/MySideScroller/Sprites/Enemy/Boss/A_BOSS_KNIFEATTACK.uasset" 540
"../../../../../Unreal_Projects/MySideScroller/Content/MySideScroller/Sprites/Enemy/Boss/Boss_Sprite_0.uasset" 541
"../../../../../Unreal_Projects/MySideScroller/Content/MySideScroller/Sprites/Enemy/Boss/Boss_Sprite_1.uasset" 542
"../../../../../Unreal_Projects/MySideScroller/Content/MySideScroller/Sprites/Enemy/Boss/Boss_Sprite_2.uasset" 543
"../../../../../Unreal_Projects/MySideScroller/Content/MySideScroller/Sprites/Enemy/Boss/A_BOSS_STANCE.uasset" 544
"../../../../../Unreal_Projects/MySideScroller/Content/MySideScroller/Sprites/Enemy/Boss/Boss_Sprite_3.uasset" 545
"../../../../../Unreal_Projects/MySideScroller/Content/MySideScroller/Sprites/Enemy/Boss/Boss_Sprite_4.uasset" 546
"../../../../../Unreal_Projects/MySideScroller/Content/MySideScroller/Sprites/Enemy/Boss/Boss_Sprite_5.uasset" 547
"../../../../../Unreal_Projects/MySideScroller/Content/MySideScroller/Sprites/Enemy/Boss/Boss_Sprite_6.uasset" 548
"../../../../../Unreal_Projects/MySideScroller/Content/MySideScroller/Sprites/Enemy/Boss/A_BOSS_WALK.uasset" 549
"../../../../../Unreal_Projects/MySideScroller/Content/MySideScroller/Blueprint/Enemies/AI_Boss.uasset" 550
"../../../../../Unreal_Projects/MySideScroller/Content/MySideScroller/Sprites/EnV/tileset2_Sprite_1.uasset" 551
"../../../../../Unreal_Projects/MySideScroller/Content/MySideScroller/Sprites/EnV/tileset2_Sprite_2.uasset" 552
"../../../../../Unreal_Projects/MySideScroller/Content/MySideScroller/Sprites/EnV/A_FIRE.uasset" 553
"../../../../../Unreal_Projects/MySideScroller/Content/MySideScroller/Sprites/EnV/tileset2_Sprite_3.uasset" 554
"../../../../../Unreal_Projects/MySideScroller/Content/MySideScroller/Sprites/EnV/A_MEDIUMFIRE.uasset" 555
"../../../../../Unreal_Projects/MySideScroller/Content/MySideScroller/Sprites/EnV/A_SM_FIRE1.uasset" 556
"../../../../../Unreal_Projects/MySideScroller/Content/MySideScroller/Blueprint/BP_FIRE.uasset" 557
"../../../../../Unreal_Projects/MySideScroller/Content/MySideScroller/Sounds/Portal.uasset" 558
"../../../../../Unreal_Projects/MySideScroller/Content/MySideScroller/Sounds/Portal_Cue.uasset" 559
"../../../../../Unreal_Projects/MySideScroller/Content/MySideScroller/Sprites/EnV/portal.uasset" 560
"../../../../../Unreal_Projects/MySideScroller/Content/MySideScroller/Sprites/EnV/portal_Sprite_0.uasset" 561
"../../../../../Unreal_Projects/MySideScroller/Content/MySideScroller/Sprites/EnV/A_PORTAL.uasset" 562
"../../../../../Unreal_Projects/MySideScroller/Content/MySideScroller/Sprites/EnV/A_PORTALANIMATION.uasset" 563
"../../../../../Unreal_Projects/MySideScroller/Content/MySideScroller/Blueprint/BP_PortalLevel.uasset" 564
"../../../../../Unreal_Projects/MySideScroller/Content/MySideScroller/Blueprint/Loot/BoxLootAnimation.uasset" 565
"../../../../../Unreal_Projects/MySideScroller/Content/MySideScroller/Sounds/breakLoot.uasset" 566
"../../../../../Unreal_Projects/MySideScroller/Content/MySideScroller/Sprites/EnV/game_items_Sprite_1.uasset" 567
"../../../../../Unreal_Projects/MySideScroller/Content/MySideScroller/Sprites/EnV/A_LOOTBOX.uasset" 568
"../../../../../Unreal_Projects/MySideScroller/Content/MySideScroller/Sprites/EnV/A_LOOTBOXREMOVE.uasset" 569
"../../../../../Unreal_Projects/MySideScroller/Content/MySideScroller/Sprites/EnV/game_items_Sprite_0.uasset" 570
"../../../../../Unreal_Projects/MySideScroller/Content/MySideScroller/Sprites/EnV/A_LOOTBOXSTANCE.uasset" 571
"../../../../../Unreal_Projects/MySideScroller/Content/MySideScroller/Blueprint/Loot/LOOT.uasset" 572
"../../../../../Unreal_Projects/MySideScroller/Content/MySideScroller/Sprites/EnV/tileset_Sprite_0.uasset" 573
"../../../../../Unreal_Projects/MySideScroller/Content/MySideScroller/Sprites/EnV/A_LOOTWQODBOX.uasset" 574
"../../../../../Unreal_Projects/MySideScroller/Content/MySideScroller/Blueprint/Loot/LOOTWOODBLOCKS.uasset" 575
"../../../../../Unreal_Projects/MySideScroller/Content/2DSideScrollerBP/Blueprints/2DSideScrollerGameMode.uasset" 576
"../../../../../Unreal_Projects/MySideScroller/Content/MySideScroller/Sounds/PickUpCoins.uasset" 577
"../../../../../Unreal_Projects/MySideScroller/Content/MySideScroller/Sprites/EnV/game_items_Sprite_17.uasset" 578
"../../../../../Unreal_Projects/MySideScroller/Content/MySideScroller/Blueprint/BP_Coins.uasset" 579
"../../../../../Unreal_Projects/MySideScroller/Content/MySideScroller/Sprites/EnV/game_items_Sprite_9.uasset" 580
"../../../../../Unreal_Projects/MySideScroller/Content/MySideScroller/Blueprint/BP_Gold.uasset" 581
"../../../../../Unreal_Projects/MySideScroller/Content/MySideScroller/Sounds/heal.uasset" 582
"../../../../../Unreal_Projects/MySideScroller/Content/MySideScroller/Sprites/EnV/game_items_Sprite_19.uasset" 583
"../../../../../Unreal_Projects/MySideScroller/Content/MySideScroller/Blueprint/BP_Heal.uasset" 584
"../../../../../Unreal_Projects/MySideScroller/Content/MySideScroller/Sprites/EnV/Transperency_Material_Ground.uasset" 585
"../../../Engine/Content/MapTemplates/SM_Template_Map_Floor.uasset" 586
"../../../../../Unreal_Projects/MySideScroller/Content/MySideScroller/Sounds/sound.uasset" 587
"../../../../../Unreal_Projects/MySideScroller/Content/MySideScroller/Sounds/LevelSound_Cue.uasset" 588
"../../../../../Unreal_Projects/MySideScroller/Content/MySideScroller/Sprites/EnV/tileset2_Sprite_5.uasset" 589
"../../../../../Unreal_Projects/MySideScroller/Content/MySideScroller/Sprites/EnV/A_SM_FIRE2.uasset" 590
"../../../../../Unreal_Projects/MySideScroller/Content/MySideScroller/Sprites/EnV/tileset2_Sprite_10.uasset" 591
"../../../../../Unreal_Projects/MySideScroller/Content/MySideScroller/Sprites/EnV/tileset2_Sprite_8.uasset" 592
"../../../../../Unreal_Projects/MySideScroller/Content/MySideScroller/Sprites/EnV/tileset2_Sprite_9.uasset" 593
"../../../../../Unreal_Projects/MySideScroller/Content/MySideScroller/Sprites/EnV/A_WATER.uasset" 594
"../../../../../Unreal_Projects/MySideScroller/Content/MySideScroller/Sprites/EnV/game_items_Sprite_10.uasset" 595
"../../../../../Unreal_Projects/MySideScroller/Content/MySideScroller/Sprites/EnV/game_items_Sprite_14.uasset" 596
"../../../../../Unreal_Projects/MySideScroller/Content/MySideScroller/Sprites/EnV/game_items_Sprite_15.uasset" 597
"../../../../../Unreal_Projects/MySideScroller/Content/MySideScroller/Sprites/EnV/game_items_Sprite_4.uasset" 598
"../../../../../Unreal_Projects/MySideScroller/Content/MySideScroller/Sprites/EnV/game_items_Sprite_5.uasset" 599
"../../../../../Unreal_Projects/MySideScroller/Content/MySideScroller/Sprites/EnV/level_00/Level_00.uasset" 600
"../../../../../Unreal_Projects/MySideScroller/Content/MySideScroller/Sprites/EnV/level_00/Level_00_Sprite_0.uasset" 601
"../../../../../Unreal_Projects/MySideScroller/Content/MySideScroller/Sprites/EnV/tileset_Sprite_1.uasset" 602
"../../../../../Unreal_Projects/MySideScroller/Content/MySideScroller/Sprites/EnV/tileset_Sprite_10.uasset" 603
"../../../../../Unreal_Projects/MySideScroller/Content/MySideScroller/Sprites/EnV/tileset_Sprite_15.uasset" 604
"../../../../../Unreal_Projects/MySideScroller/Content/MySideScroller/Sprites/EnV/tileset_Sprite_20.uasset" 605
"../../../../../Unreal_Projects/MySideScroller/Content/MySideScroller/Sprites/EnV/tileset_Sprite_24.uasset" 606
"../../../../../Unreal_Projects/MySideScroller/Content/MySideScroller/Sprites/EnV/tileset_Sprite_26.uasset" 607
"../../../../../Unreal_Projects/MySideScroller/Content/MySideScroller/Sprites/EnV/tileset_Sprite_29.uasset" 608
"../../../../../Unreal_Projects/MySideScroller/Content/MySideScroller/Sprites/EnV/tileset_Sprite_3.uasset" 609
"../../../../../Unreal_Projects/MySideScroller/Content/MySideScroller/Sprites/EnV/tileset_Sprite_30.uasset" 610
"../../../../../Unreal_Projects/MySideScroller/Content/MySideScroller/Sprites/EnV/tileset_Sprite_31.uasset" 611
"../../../../../Unreal_Projects/MySideScroller/Content/MySideScroller/Sprites/EnV/tileset_Sprite_34.uasset" 612
"../../../../../Unreal_Projects/MySideScroller/Content/MySideScroller/Sprites/EnV/tileset_Sprite_36.uasset" 613
"../../../../../Unreal_Projects/MySideScroller/Content/MySideScroller/Sprites/EnV/tileset_Sprite_37.uasset" 614
"../../../../../Unreal_Projects/MySideScroller/Content/MySideScroller/Sprites/EnV/tileset_Sprite_38.uasset" 615
"../../../../../Unreal_Projects/MySideScroller/Content/MySideScroller/Sprites/EnV/tileset_Sprite_39.uasset" 616
"../../../../../Unreal_Projects/MySideScroller/Content/MySideScroller/Sprites/EnV/tileset_Sprite_4.uasset" 617
"../../../../../Unreal_Projects/MySideScroller/Content/MySideScroller/Sprites/EnV/tileset_Sprite_6.uasset" 618
"../../../../../Unreal_Projects/MySideScroller/Content/Levels/Level_00.umap" 619
"../../../../../Unreal_Projects/MySideScroller/Content/MySideScroller/Sprites/EnV/game_items_Sprite_18.uasset" 620
"../../../../../Unreal_Projects/MySideScroller/Content/MySideScroller/Blueprint/BP_PlusLife.uasset" 621
"../../../../../Unreal_Projects/MySideScroller/Content/MySideScroller/Sprites/EnV/tileset2_Sprite_0.uasset" 622
"../../../../../Unreal_Projects/MySideScroller/Content/MySideScroller/Blueprint/BP_Trap.uasset" 623
"../../../../../Unreal_Projects/MySideScroller/Content/MySideScroller/Sounds/BossTheme.uasset" 624
"../../../../../Unreal_Projects/MySideScroller/Content/MySideScroller/Sounds/BossTheme_Cue.uasset" 625
"../../../../../Unreal_Projects/MySideScroller/Content/MySideScroller/Sprites/EnV/A_M_FIRE0.uasset" 626
"../../../../../Unreal_Projects/MySideScroller/Content/MySideScroller/Sprites/EnV/game_items_Sprite_11.uasset" 627
"../../../../../Unreal_Projects/MySideScroller/Content/MySideScroller/Sprites/EnV/game_items_Sprite_6.uasset" 628
"../../../../../Unreal_Projects/MySideScroller/Content/MySideScroller/Sprites/EnV/game_items_Sprite_7.uasset" 629
"../../../../../Unreal_Projects/MySideScroller/Content/MySideScroller/Sprites/EnV/level_01/Level_01.uasset" 630
"../../../../../Unreal_Projects/MySideScroller/Content/MySideScroller/Sprites/EnV/level_01/Level_00_Sprite_0.uasset" 631
"../../../../../Unreal_Projects/MySideScroller/Content/MySideScroller/Sprites/EnV/tileset_Sprite_13.uasset" 632
"../../../../../Unreal_Projects/MySideScroller/Content/MySideScroller/Sprites/EnV/tileset_Sprite_16.uasset" 633
"../../../../../Unreal_Projects/MySideScroller/Content/MySideScroller/Sprites/EnV/tileset_Sprite_17.uasset" 634
"../../../../../Unreal_Projects/MySideScroller/Content/MySideScroller/Sprites/EnV/tileset_Sprite_21.uasset" 635
"../../../../../Unreal_Projects/MySideScroller/Content/Levels/Level_01.umap" 636
"../../../../../Unreal_Projects/MySideScroller/Content/MySideScroller/Sounds/menu.uasset" 637
"../../../../../Unreal_Projects/MySideScroller/Content/UI/Start_UP_BG.uasset" 638
"../../../../../Unreal_Projects/MySideScroller/Content/UI/Start_UP_BG_Sprite_0.uasset" 639
"../../../../../Unreal_Projects/MySideScroller/Content/UI/MainMenu.uasset" 640
"../../../../../Unreal_Projects/MySideScroller/Content/Levels/Menu.umap" 641
"../../../Engine/Content/Maps/Entry.umap" 642
